{
  "stats": {
    "suites": 19,
    "tests": 43,
    "passes": 43,
    "pending": 0,
    "failures": 0,
    "start": "2022-12-25T10:37:16.621Z",
    "end": "2022-12-25T10:38:15.594Z",
    "duration": 36835,
    "testsRegistered": 43,
    "passPercent": 100,
    "pendingPercent": 0,
    "other": 0,
    "hasOther": false,
    "skipped": 0,
    "hasSkipped": false
  },
  "results": [
    {
      "uuid": "98f58d56-569f-4501-9ab9-5bcf9cdf11c8",
      "title": "",
      "fullFile": "cypress/e2e/automation-teststore/add-items-to-the-basket.js",
      "file": "cypress/e2e/automation-teststore/add-items-to-the-basket.js",
      "beforeHooks": [],
      "afterHooks": [],
      "tests": [],
      "suites": [
        {
          "uuid": "0a7d32aa-f1ef-4f85-ad5d-c9a19e283984",
          "title": "Add multiple items to basket",
          "fullFile": "",
          "file": "",
          "beforeHooks": [],
          "afterHooks": [],
          "tests": [
            {
              "title": "Add specific item to basket",
              "fullTitle": "Add multiple items to basket Add specific item to basket",
              "timedOut": null,
              "duration": 2948,
              "state": "passed",
              "speed": "fast",
              "pass": true,
              "fail": false,
              "pending": false,
              "context": null,
              "code": "autostore_haircarepage_PO.addHaircareProductsToBasket();\n/* Same logic but whithout abstraction and pom */\n// globalThis.data.productName.map((el) => cy.addProductToBasket(el));\n// cy.get(\".dropdown-toggle > .fa\").click();",
              "err": {},
              "uuid": "ebb6d7aa-9021-41c7-ba51-616689c994b3",
              "parentUUID": "0a7d32aa-f1ef-4f85-ad5d-c9a19e283984",
              "isHook": false,
              "skipped": false
            }
          ],
          "suites": [],
          "passes": [
            "ebb6d7aa-9021-41c7-ba51-616689c994b3"
          ],
          "failures": [],
          "pending": [],
          "skipped": [],
          "duration": 2948,
          "root": false,
          "rootEmpty": false,
          "_timeout": 2000
        }
      ],
      "passes": [],
      "failures": [],
      "pending": [],
      "skipped": [],
      "duration": 0,
      "root": true,
      "rootEmpty": true,
      "_timeout": 2000
    },
    {
      "uuid": "a61d306c-090f-4830-b759-6fab2e50e481",
      "title": "",
      "fullFile": "cypress/e2e/automation-teststore/alias-invoke.js",
      "file": "cypress/e2e/automation-teststore/alias-invoke.js",
      "beforeHooks": [],
      "afterHooks": [],
      "tests": [],
      "suites": [
        {
          "uuid": "60bb5331-6b7b-46fc-88e0-9b27bd334e6d",
          "title": "Alias and invoke",
          "fullFile": "",
          "file": "",
          "beforeHooks": [],
          "afterHooks": [],
          "tests": [
            {
              "title": "Calculate total of normal and sale products",
              "fullTitle": "Alias and invoke Calculate total of normal and sale products",
              "timedOut": null,
              "duration": 1522,
              "state": "passed",
              "speed": "fast",
              "pass": true,
              "fail": false,
              "pending": false,
              "context": null,
              "code": "cy.visit(\"https://automationteststore.com/\"); // cy.get(\".thumbnail\").as(\"productThumbNail\");\n// cy.get(\"@productThumbNail\")\n//   .find(\".oneprice\")\n//   .each((el) => {\n//     cy.log(el.text());\n//   });\ncy.get(\".thumbnail\").find(\".oneprice\").invoke(\"text\").as(\"itemPrice\");\ncy.get(\".thumbnail\").find(\".pricenew\").invoke(\"text\").as(\"saleItemPrice\");\ncy.get(\"@itemPrice\").then($linkText => {\n  let itemPriceTotal = $linkText.split(\"$\").map(el => Number(el)).reduce((acc, cur) => acc + cur);\n  itemsTotal += itemPriceTotal;\n  cy.log(`Items price total: ${itemPriceTotal}`);\n});\ncy.get(\"@saleItemPrice\").then($linkText => {\n  let itemSaleTotal = $linkText.split(\"$\").map(el => Number(el)).reduce((acc, cur) => acc + cur);\n  itemsTotal += itemSaleTotal;\n  cy.log(`Items sale total: ${itemSaleTotal}`);\n}).then(() => expect(itemsTotal).to.eq(625.6));",
              "err": {},
              "uuid": "1a186c14-b7cb-48ab-85cf-e61ae3f58eac",
              "parentUUID": "60bb5331-6b7b-46fc-88e0-9b27bd334e6d",
              "isHook": false,
              "skipped": false
            }
          ],
          "suites": [],
          "passes": [
            "1a186c14-b7cb-48ab-85cf-e61ae3f58eac"
          ],
          "failures": [],
          "pending": [],
          "skipped": [],
          "duration": 1522,
          "root": false,
          "rootEmpty": false,
          "_timeout": 2000
        }
      ],
      "passes": [],
      "failures": [],
      "pending": [],
      "skipped": [],
      "duration": 0,
      "root": true,
      "rootEmpty": true,
      "_timeout": 2000
    },
    {
      "uuid": "f27329a5-9a6c-4b95-a71a-24f9280d5e39",
      "title": "",
      "fullFile": "cypress/e2e/automation-teststore/contact-us.js",
      "file": "cypress/e2e/automation-teststore/contact-us.js",
      "beforeHooks": [],
      "afterHooks": [],
      "tests": [],
      "suites": [
        {
          "uuid": "70ae3602-9065-4256-ba44-f77fc090319a",
          "title": "Test contact us page via automation store",
          "fullFile": "",
          "file": "",
          "beforeHooks": [],
          "afterHooks": [],
          "tests": [
            {
              "title": "should be able to submit a successfull submition via contact us form",
              "fullTitle": "Test contact us page via automation store should be able to submit a successfull submition via contact us form",
              "timedOut": null,
              "duration": 3427,
              "state": "passed",
              "speed": "fast",
              "pass": true,
              "fail": false,
              "pending": false,
              "context": null,
              "code": "cy.visit(\"https://automationteststore.com/\");\ncy.get(\"a[href$='contact']\").click().then(function (contactText) {\n  console.log(`Selected the following item ${contactText.text()}`);\n}); // cy.xpath(\"//a[contains(@href, 'contact')]\").click();\ncy.get(\"@user\").then(user => {\n  cy.get(\"#ContactUsFrm_first_name\").type(user.first_name);\n  cy.get(\"#ContactUsFrm_email\").type(user.email);\n  cy.get(\"#ContactUsFrm_enquiry\").type(user.message);\n});\ncy.get(\"button[title='Submit']\").click();\ncy.get(\".mb40 > :nth-child(3)\").should(\"have.text\", \"Your enquiry has been successfully sent to the store owner!\");",
              "err": {},
              "uuid": "7134e985-ca96-481b-a968-7a6b6cf9d5cb",
              "parentUUID": "70ae3602-9065-4256-ba44-f77fc090319a",
              "isHook": false,
              "skipped": false
            }
          ],
          "suites": [],
          "passes": [
            "7134e985-ca96-481b-a968-7a6b6cf9d5cb"
          ],
          "failures": [],
          "pending": [],
          "skipped": [],
          "duration": 3427,
          "root": false,
          "rootEmpty": false,
          "_timeout": 2000
        }
      ],
      "passes": [],
      "failures": [],
      "pending": [],
      "skipped": [],
      "duration": 0,
      "root": true,
      "rootEmpty": true,
      "_timeout": 2000
    },
    {
      "uuid": "3e4662c9-e5d9-48fd-b4d9-8d94a0e53e1d",
      "title": "",
      "fullFile": "cypress/e2e/automation-teststore/inspect-items.js",
      "file": "cypress/e2e/automation-teststore/inspect-items.js",
      "beforeHooks": [],
      "afterHooks": [],
      "tests": [],
      "suites": [
        {
          "uuid": "d9bf969a-b7cd-4fe4-b01b-777ff0ba1ff0",
          "title": "Inspect automation store items with chaining commands",
          "fullFile": "",
          "file": "",
          "beforeHooks": [],
          "afterHooks": [],
          "tests": [
            {
              "title": "should be able to select specific item",
              "fullTitle": "Inspect automation store items with chaining commands should be able to select specific item",
              "timedOut": null,
              "duration": 1768,
              "state": "passed",
              "speed": "fast",
              "pass": true,
              "fail": false,
              "pending": false,
              "context": null,
              "code": "cy.visit(\"https://automationteststore.com/\");\ncy.get(\".prdocutname\").contains(\"Skinsheen Bronzer Stick\").click().then(function (itetHeaderText) {\n  console.log(`Selected the following item ${itetHeaderText.text()}`);\n});",
              "err": {},
              "uuid": "385338c3-9c42-4119-9766-44baf888c484",
              "parentUUID": "d9bf969a-b7cd-4fe4-b01b-777ff0ba1ff0",
              "isHook": false,
              "skipped": false
            }
          ],
          "suites": [],
          "passes": [
            "385338c3-9c42-4119-9766-44baf888c484"
          ],
          "failures": [],
          "pending": [],
          "skipped": [],
          "duration": 1768,
          "root": false,
          "rootEmpty": false,
          "_timeout": 2000
        }
      ],
      "passes": [],
      "failures": [],
      "pending": [],
      "skipped": [],
      "duration": 0,
      "root": true,
      "rootEmpty": true,
      "_timeout": 2000
    },
    {
      "uuid": "dbfb9bd6-05b3-47cc-b938-f49fc862209f",
      "title": "",
      "fullFile": "cypress/e2e/automation-teststore/iterate-over-elements.js",
      "file": "cypress/e2e/automation-teststore/iterate-over-elements.js",
      "beforeHooks": [],
      "afterHooks": [],
      "tests": [],
      "suites": [
        {
          "uuid": "ba1464ac-7a40-4c2a-8adb-eb9d47b50caf",
          "title": "Iterate over elements",
          "fullFile": "",
          "file": "",
          "beforeHooks": [],
          "afterHooks": [],
          "tests": [
            {
              "title": "Add specific item to basket",
              "fullTitle": "Iterate over elements Add specific item to basket",
              "timedOut": null,
              "duration": 1739,
              "state": "passed",
              "speed": "fast",
              "pass": true,
              "fail": false,
              "pending": false,
              "context": null,
              "code": "cy.selectProduct(\"Curls To straight Shampoo\");",
              "err": {},
              "uuid": "e81c1d1f-7e6e-43cb-865e-9eccc59e7f69",
              "parentUUID": "ba1464ac-7a40-4c2a-8adb-eb9d47b50caf",
              "isHook": false,
              "skipped": false
            },
            {
              "title": "Add another specific item to basket",
              "fullTitle": "Iterate over elements Add another specific item to basket",
              "timedOut": null,
              "duration": 985,
              "state": "passed",
              "speed": "fast",
              "pass": true,
              "fail": false,
              "pending": false,
              "context": null,
              "code": "cy.selectProduct(\"Seaweed Conditioner\");",
              "err": {},
              "uuid": "63536916-ce28-4aa4-b281-ed5fbeb9e788",
              "parentUUID": "ba1464ac-7a40-4c2a-8adb-eb9d47b50caf",
              "isHook": false,
              "skipped": false
            }
          ],
          "suites": [],
          "passes": [
            "e81c1d1f-7e6e-43cb-865e-9eccc59e7f69",
            "63536916-ce28-4aa4-b281-ed5fbeb9e788"
          ],
          "failures": [],
          "pending": [],
          "skipped": [],
          "duration": 2724,
          "root": false,
          "rootEmpty": false,
          "_timeout": 2000
        }
      ],
      "passes": [],
      "failures": [],
      "pending": [],
      "skipped": [],
      "duration": 0,
      "root": true,
      "rootEmpty": true,
      "_timeout": 2000
    },
    {
      "uuid": "abac2dd1-4a41-4556-a895-5a46d97d6ee2",
      "title": "",
      "fullFile": "cypress/e2e/automation-teststore/variables-and-cy-commads.js",
      "file": "cypress/e2e/automation-teststore/variables-and-cy-commads.js",
      "beforeHooks": [],
      "afterHooks": [],
      "tests": [],
      "suites": [
        {
          "uuid": "e7f9bc18-6352-490e-994e-81662cec948b",
          "title": "Verifying variables, cypress commands, and jquery commands",
          "fullFile": "",
          "file": "",
          "beforeHooks": [],
          "afterHooks": [],
          "tests": [
            {
              "title": "Navigate to specific product pages",
              "fullTitle": "Verifying variables, cypress commands, and jquery commands Navigate to specific product pages",
              "timedOut": null,
              "duration": 2081,
              "state": "passed",
              "speed": "fast",
              "pass": true,
              "fail": false,
              "pending": false,
              "context": null,
              "code": "cy.visit(\"https://automationteststore.com/\"); // This approach wan't work\n// const makeupLink = cy\n//   .get(\"a[href*='product/category&path=']\")\n//   .contains(\"Makeup\");\n// const skincareLink = cy\n//   .get(\"a[href*='product/category&path=']\")\n//   .contains(\"Skincare\");\n// makeupLink.click();\n// skincareLink.click();\n// This approach will work\ncy.get(\"a[href*='product/category&path=']\").contains(\"Makeup\").click();\ncy.get(\"a[href*='product/category&path=']\").contains(\"Skincare\").click();",
              "err": {},
              "uuid": "63dee42f-5354-42f4-adc8-5a26db89cf26",
              "parentUUID": "e7f9bc18-6352-490e-994e-81662cec948b",
              "isHook": false,
              "skipped": false
            },
            {
              "title": "Navigate to specific product pages",
              "fullTitle": "Verifying variables, cypress commands, and jquery commands Navigate to specific product pages",
              "timedOut": null,
              "duration": 615,
              "state": "passed",
              "speed": "fast",
              "pass": true,
              "fail": false,
              "pending": false,
              "context": null,
              "code": "cy.visit(\"https://automationteststore.com/\");\ncy.get(\"a[href*='product/category&path=']\").contains(\"Makeup\").click();\ncy.get(\"h1 .maintext\").then($headeText => {\n  const headerText = $headeText.text();\n  cy.log(`Found header text: ${headerText}`);\n  expect(headerText).is.eq(\"Makeup\");\n});",
              "err": {},
              "uuid": "000b890c-2bac-4591-931e-208f9e39c31e",
              "parentUUID": "e7f9bc18-6352-490e-994e-81662cec948b",
              "isHook": false,
              "skipped": false
            },
            {
              "title": "Navigate to specific product pages",
              "fullTitle": "Verifying variables, cypress commands, and jquery commands Navigate to specific product pages",
              "timedOut": null,
              "duration": 312,
              "state": "passed",
              "speed": "fast",
              "pass": true,
              "fail": false,
              "pending": false,
              "context": null,
              "code": "cy.visit(\"https://automationteststore.com/index.php?rt=content/contact\"); //cypress commands and chaining\ncy.contains(\"#ContactUsFrm\", \"Contact Us Form\").find(\"#field_11\").should(\"contain\", \"First name\"); //jquery approach\ncy.contains(\"#ContactUsFrm\", \"Contact Us Form\").then(text => {\n  const textField = text.find(\"#field_11\").text();\n  expect(textField).to.contain(\"First name\");\n}); //embedded commans (closure)\ncy.get(\"#field_11\").then(fnText => {\n  cy.log(fnText.text());\n  cy.log(fnText);\n});",
              "err": {},
              "uuid": "be9cf4ab-272c-45fb-adce-24bd852bfe87",
              "parentUUID": "e7f9bc18-6352-490e-994e-81662cec948b",
              "isHook": false,
              "skipped": false
            }
          ],
          "suites": [],
          "passes": [
            "63dee42f-5354-42f4-adc8-5a26db89cf26",
            "000b890c-2bac-4591-931e-208f9e39c31e",
            "be9cf4ab-272c-45fb-adce-24bd852bfe87"
          ],
          "failures": [],
          "pending": [],
          "skipped": [],
          "duration": 3008,
          "root": false,
          "rootEmpty": false,
          "_timeout": 2000
        }
      ],
      "passes": [],
      "failures": [],
      "pending": [],
      "skipped": [],
      "duration": 0,
      "root": true,
      "rootEmpty": true,
      "_timeout": 2000
    },
    {
      "uuid": "f42af2e1-7514-4634-90c7-e0678d3e593a",
      "title": "",
      "fullFile": "cypress/e2e/webdriver-uni/alerts.js",
      "file": "cypress/e2e/webdriver-uni/alerts.js",
      "beforeHooks": [],
      "afterHooks": [],
      "tests": [],
      "suites": [
        {
          "uuid": "df953b83-36d7-4648-8a86-039048852178",
          "title": "Validate js alerts",
          "fullFile": "",
          "file": "",
          "beforeHooks": [],
          "afterHooks": [],
          "tests": [
            {
              "title": "Validate js confirm alert box using stub",
              "fullTitle": "Validate js alerts Validate js confirm alert box using stub",
              "timedOut": null,
              "duration": 1685,
              "state": "passed",
              "speed": "fast",
              "pass": true,
              "fail": false,
              "pending": false,
              "context": null,
              "code": "cy.visit(\"https://webdriveruniversity.com\");\ncy.get(\"#popup-alerts\").invoke(\"removeAttr\", \"target\").click({\n  force: true\n});\nconst stub = cy.stub();\ncy.on(\"window:confirm\", stub);\ncy.get(\"#button4\").click().then(() => {\n  expect(stub.getCall(0)).to.be.calledWith(\"Press a button!\");\n}).then(() => {\n  cy.get(\"#confirm-alert-text\").contains(\"You pressed OK!\");\n});",
              "err": {},
              "uuid": "9a30bb54-83e4-4b03-8554-223085c78240",
              "parentUUID": "df953b83-36d7-4648-8a86-039048852178",
              "isHook": false,
              "skipped": false
            }
          ],
          "suites": [],
          "passes": [
            "9a30bb54-83e4-4b03-8554-223085c78240"
          ],
          "failures": [],
          "pending": [],
          "skipped": [],
          "duration": 1685,
          "root": false,
          "rootEmpty": false,
          "_timeout": 2000
        }
      ],
      "passes": [],
      "failures": [],
      "pending": [],
      "skipped": [],
      "duration": 0,
      "root": true,
      "rootEmpty": true,
      "_timeout": 2000
    },
    {
      "uuid": "10aecadc-0433-4b42-9188-2e92022ca661",
      "title": "",
      "fullFile": "cypress/e2e/webdriver-uni/autocomplete-dropdown-list.js",
      "file": "cypress/e2e/webdriver-uni/autocomplete-dropdown-list.js",
      "beforeHooks": [],
      "afterHooks": [],
      "tests": [],
      "suites": [
        {
          "uuid": "26a1a112-9d42-445a-9108-0a65022fe5e0",
          "title": "Verify Autocomplete dropwdown lists via webdriveruni",
          "fullFile": "",
          "file": "",
          "beforeHooks": [],
          "afterHooks": [],
          "tests": [
            {
              "title": "Select specific product via autocomplete list",
              "fullTitle": "Verify Autocomplete dropwdown lists via webdriveruni Select specific product via autocomplete list",
              "timedOut": null,
              "duration": 1220,
              "state": "passed",
              "speed": "fast",
              "pass": true,
              "fail": false,
              "pending": false,
              "context": null,
              "code": "cy.visit(\"http://www.webdriveruniversity.com\");\ncy.get(\"#autocomplete-textfield\").invoke(\"removeAttr\", \"target\").click({\n  force: true\n});\ncy.get(\"#myInput\").type(\"A\");\ncy.get(\"#myInputautocomplete-list > *\").each(($el, index, $list) => {\n  const prod = $el.text();\n  const productToSelect = \"Avacado\";\n  if (prod === productToSelect) {\n    //$el.click();\n    $el.trigger(\"click\");\n    cy.get(\"#submit-button\").click();\n    cy.url().should(\"include\", productToSelect);\n  }\n}).then(() => {\n  cy.get(\"#myInput\").type(\"g\");\n  cy.get(\"#myInputautocomplete-list > *\").each(($el, index, $list) => {\n    const prod = $el.text();\n    const productToSelect = \"Grapes\";\n    if (prod === productToSelect) {\n      //$el.click();\n      $el.trigger(\"click\");\n      cy.get(\"#submit-button\").click();\n      cy.url().should(\"include\", productToSelect);\n    }\n  });\n});",
              "err": {},
              "uuid": "35b4433a-d37f-42f8-a698-84624cc1070a",
              "parentUUID": "26a1a112-9d42-445a-9108-0a65022fe5e0",
              "isHook": false,
              "skipped": false
            }
          ],
          "suites": [],
          "passes": [
            "35b4433a-d37f-42f8-a698-84624cc1070a"
          ],
          "failures": [],
          "pending": [],
          "skipped": [],
          "duration": 1220,
          "root": false,
          "rootEmpty": false,
          "_timeout": 2000
        }
      ],
      "passes": [],
      "failures": [],
      "pending": [],
      "skipped": [],
      "duration": 0,
      "root": true,
      "rootEmpty": true,
      "_timeout": 2000
    },
    {
      "uuid": "3dac5b63-e9b5-46ca-8324-cd5be5ac5a4e",
      "title": "",
      "fullFile": "cypress/e2e/webdriver-uni/browser-navigation.js",
      "file": "cypress/e2e/webdriver-uni/browser-navigation.js",
      "beforeHooks": [],
      "afterHooks": [],
      "tests": [],
      "suites": [
        {
          "uuid": "565985b7-50f2-49ea-a25d-8b0de87fed47",
          "title": "Validate webdriveruni homepage links",
          "fullFile": "",
          "file": "",
          "beforeHooks": [],
          "afterHooks": [],
          "tests": [
            {
              "title": "Confirm links redirect to the correct pages",
              "fullTitle": "Validate webdriveruni homepage links Confirm links redirect to the correct pages",
              "timedOut": null,
              "duration": 2030,
              "state": "passed",
              "speed": "fast",
              "pass": true,
              "fail": false,
              "pending": false,
              "context": null,
              "code": "cy.visit(\"https://webdriveruniversity.com\");\ncy.get(\"#contact-us\").invoke(\"removeAttr\", \"target\").click({\n  force: true\n});\ncy.url().should(\"include\", \"contactus\");\ncy.go(\"back\"); // cy.reload(true) - reload without using a cache\ncy.reload();\ncy.go(\"forward\");\ncy.url().should(\"include\", \"contactus\");\ncy.go(\"back\");\ncy.get(\"#login-portal\").invoke(\"removeAttr\", \"target\").click({\n  force: true\n});\ncy.url().should(\"include\", \"Login-Portal\");\ncy.go(\"back\");\ncy.get(\"#to-do-list\").invoke(\"removeAttr\", \"target\").click({\n  force: true\n});\ncy.url().should(\"include\", \"To-Do-List\");",
              "err": {},
              "uuid": "2be9d830-eeb5-4c3e-b5bd-d54db6503d69",
              "parentUUID": "565985b7-50f2-49ea-a25d-8b0de87fed47",
              "isHook": false,
              "skipped": false
            }
          ],
          "suites": [],
          "passes": [
            "2be9d830-eeb5-4c3e-b5bd-d54db6503d69"
          ],
          "failures": [],
          "pending": [],
          "skipped": [],
          "duration": 2030,
          "root": false,
          "rootEmpty": false,
          "_timeout": 2000
        }
      ],
      "passes": [],
      "failures": [],
      "pending": [],
      "skipped": [],
      "duration": 0,
      "root": true,
      "rootEmpty": true,
      "_timeout": 2000
    },
    {
      "uuid": "cdc2d617-6540-4b7a-ba01-5b82ea5fbc06",
      "title": "",
      "fullFile": "cypress/e2e/webdriver-uni/check-boxes.js",
      "file": "cypress/e2e/webdriver-uni/check-boxes.js",
      "beforeHooks": [],
      "afterHooks": [],
      "tests": [],
      "suites": [
        {
          "uuid": "0e92d053-b41a-44b0-9737-96cdd0b651c1",
          "title": "Verify check-boxes for webdriver-uni",
          "fullFile": "",
          "file": "",
          "beforeHooks": [],
          "afterHooks": [],
          "tests": [
            {
              "title": "Should allow to check check-box",
              "fullTitle": "Verify check-boxes for webdriver-uni Should allow to check check-box",
              "timedOut": null,
              "duration": 461,
              "state": "passed",
              "speed": "fast",
              "pass": true,
              "fail": false,
              "pending": false,
              "context": null,
              "code": "//cy.get(\"#checkboxes > :nth-child(1) > input\").check().should(\"be.checked\");\ncy.get(\"#checkboxes > :nth-child(1) > input\").as(\"option1\");\ncy.get(\"@option1\").check().should(\"be.checked\");",
              "err": {},
              "uuid": "86184e58-38f7-4f8b-8741-9080e5e704cd",
              "parentUUID": "0e92d053-b41a-44b0-9737-96cdd0b651c1",
              "isHook": false,
              "skipped": false
            },
            {
              "title": "Should allow to uncheck check-box",
              "fullTitle": "Verify check-boxes for webdriver-uni Should allow to uncheck check-box",
              "timedOut": null,
              "duration": 191,
              "state": "passed",
              "speed": "fast",
              "pass": true,
              "fail": false,
              "pending": false,
              "context": null,
              "code": "cy.get(\"#checkboxes > :nth-child(5) > input\").as(\"option3\");\ncy.get(\"@option3\").uncheck().should(\"not.be.checked\");",
              "err": {},
              "uuid": "fbb88e7e-c3eb-4ec5-8e44-fe92f732f1e5",
              "parentUUID": "0e92d053-b41a-44b0-9737-96cdd0b651c1",
              "isHook": false,
              "skipped": false
            },
            {
              "title": "Should allow to check multiple check-boxes",
              "fullTitle": "Verify check-boxes for webdriver-uni Should allow to check multiple check-boxes",
              "timedOut": null,
              "duration": 337,
              "state": "passed",
              "speed": "fast",
              "pass": true,
              "fail": false,
              "pending": false,
              "context": null,
              "code": "cy.get(\"input[type='checkbox']\").check([\"option-1\", \"option-2\", \"option-3\", \"option-4\"]).should(\"be.checked\");",
              "err": {},
              "uuid": "1e6baf59-f052-4d50-a058-174a371e2bd3",
              "parentUUID": "0e92d053-b41a-44b0-9737-96cdd0b651c1",
              "isHook": false,
              "skipped": false
            }
          ],
          "suites": [],
          "passes": [
            "86184e58-38f7-4f8b-8741-9080e5e704cd",
            "fbb88e7e-c3eb-4ec5-8e44-fe92f732f1e5",
            "1e6baf59-f052-4d50-a058-174a371e2bd3"
          ],
          "failures": [],
          "pending": [],
          "skipped": [],
          "duration": 989,
          "root": false,
          "rootEmpty": false,
          "_timeout": 2000
        }
      ],
      "passes": [],
      "failures": [],
      "pending": [],
      "skipped": [],
      "duration": 0,
      "root": true,
      "rootEmpty": true,
      "_timeout": 2000
    },
    {
      "uuid": "2dc3d0b9-d697-4934-b267-c9ff74920e3b",
      "title": "",
      "fullFile": "cypress/e2e/webdriver-uni/contact-us.js",
      "file": "cypress/e2e/webdriver-uni/contact-us.js",
      "beforeHooks": [],
      "afterHooks": [],
      "tests": [],
      "suites": [
        {
          "uuid": "e3955013-0bff-490c-95a4-4187c230371c",
          "title": "Test contact us page via webdriveruniversity",
          "fullFile": "",
          "file": "",
          "beforeHooks": [],
          "afterHooks": [],
          "tests": [
            {
              "title": "should be able to submit a successfull submition via sub/form",
              "fullTitle": "Test contact us page via webdriveruniversity should be able to submit a successfull submition via sub/form",
              "timedOut": null,
              "duration": 2286,
              "state": "passed",
              "speed": "fast",
              "pass": true,
              "fail": false,
              "pending": false,
              "context": null,
              "code": "/* See below 3 examples of web-page assertions */\ncy.document().should(\"have.property\", \"charset\").and(\"eq\", \"UTF-8\");\ncy.title().should(\"include\", \"WebDriver\");\ncy.url().should(\"include\", \"contact\");\ncontactuspage_PO.ContactFormSubmition(Cypress.env(\"first_name\"), data.last_name, data.email, data.message, \"h1\", \"Thank You for your Message!\");\n/* Same task could be implemented using custom commands like in example below */\n// cy.webUniContactFormSubmition(\n//   Cypress.env(\"first_name\"),\n//   data.last_name,\n//   data.email,\n//   data.message,\n//   \"h1\",\n//   \"Thank You for your Message!\"\n// );",
              "err": {},
              "uuid": "d4f44228-e37f-41ab-a6fc-4b243bcea0a0",
              "parentUUID": "e3955013-0bff-490c-95a4-4187c230371c",
              "isHook": false,
              "skipped": false
            },
            {
              "title": "should not be able to submit a successfull submition via sub/form ass all field are required",
              "fullTitle": "Test contact us page via webdriveruniversity should not be able to submit a successfull submition via sub/form ass all field are required",
              "timedOut": null,
              "duration": 1285,
              "state": "passed",
              "speed": "fast",
              "pass": true,
              "fail": false,
              "pending": false,
              "context": null,
              "code": "contactuspage_PO.ContactFormSubmition(data.first_name, data.last_name, \" \", data.message, \"body\", \"Error: Invalid email address\");\n/* Same task could be implemented using custom commands like in example below */\n// cy.webUniContactFormSubmition(\n//   data.first_name,\n//   data.last_name,\n//   \" \",\n//   data.message,\n//   \"body\",\n//   \"Error: Invalid email address\"\n// );",
              "err": {},
              "uuid": "9debc9dd-f2c5-453e-a840-9f39a9923907",
              "parentUUID": "e3955013-0bff-490c-95a4-4187c230371c",
              "isHook": false,
              "skipped": false
            }
          ],
          "suites": [],
          "passes": [
            "d4f44228-e37f-41ab-a6fc-4b243bcea0a0",
            "9debc9dd-f2c5-453e-a840-9f39a9923907"
          ],
          "failures": [],
          "pending": [],
          "skipped": [],
          "duration": 3571,
          "root": false,
          "rootEmpty": false,
          "_timeout": 2000
        }
      ],
      "passes": [],
      "failures": [],
      "pending": [],
      "skipped": [],
      "duration": 0,
      "root": true,
      "rootEmpty": true,
      "_timeout": 2000
    },
    {
      "uuid": "ee128367-6da1-4257-83b6-d4c8afe66ba4",
      "title": "",
      "fullFile": "cypress/e2e/webdriver-uni/data-tables.js",
      "file": "cypress/e2e/webdriver-uni/data-tables.js",
      "beforeHooks": [],
      "afterHooks": [],
      "tests": [],
      "suites": [
        {
          "uuid": "eba732e0-c742-4adc-bcbc-5e31c95e2229",
          "title": "Handling data via webdriveruni",
          "fullFile": "",
          "file": "",
          "beforeHooks": [],
          "afterHooks": [],
          "tests": [
            {
              "title": "Calculate and assert the total age of all users",
              "fullTitle": "Handling data via webdriveruni Calculate and assert the total age of all users",
              "timedOut": null,
              "duration": 880,
              "state": "passed",
              "speed": "fast",
              "pass": true,
              "fail": false,
              "pending": false,
              "context": null,
              "code": "const userDetails = [];\nlet numb = 0;\ncy.get(\"#thumbnail-1  td\").each(($el, index, $list) => {\n  userDetails[index] = $el.text();\n}).then(() => {\n  userDetails.map(el => {\n    if (Number(el)) {\n      numb += Number(el);\n    }\n  });\n  expect(numb).to.eq(322);\n});",
              "err": {},
              "uuid": "2229eadd-6c4c-4429-bc5f-e5f4b5dc9f76",
              "parentUUID": "eba732e0-c742-4adc-bcbc-5e31c95e2229",
              "isHook": false,
              "skipped": false
            },
            {
              "title": "Should be able to find user age with a last name",
              "fullTitle": "Handling data via webdriveruni Should be able to find user age with a last name",
              "timedOut": null,
              "duration": 263,
              "state": "passed",
              "speed": "fast",
              "pass": true,
              "fail": false,
              "pending": false,
              "context": null,
              "code": "cy.get(\"#thumbnail-1  tr td:nth-child(2)\").each(($el, index, $list) => {\n  const text = $el.text();\n  if (text.includes(\"Woods\")) {\n    cy.get(\"#thumbnail-1  tr td:nth-child(2)\").eq(index).next().then(age => {\n      const userAge = age.text();\n      expect(userAge).to.eq(\"80\");\n    });\n  }\n});",
              "err": {},
              "uuid": "573ce65f-682c-4176-b883-882c8e0a4af0",
              "parentUUID": "eba732e0-c742-4adc-bcbc-5e31c95e2229",
              "isHook": false,
              "skipped": false
            }
          ],
          "suites": [],
          "passes": [
            "2229eadd-6c4c-4429-bc5f-e5f4b5dc9f76",
            "573ce65f-682c-4176-b883-882c8e0a4af0"
          ],
          "failures": [],
          "pending": [],
          "skipped": [],
          "duration": 1143,
          "root": false,
          "rootEmpty": false,
          "_timeout": 2000
        }
      ],
      "passes": [],
      "failures": [],
      "pending": [],
      "skipped": [],
      "duration": 0,
      "root": true,
      "rootEmpty": true,
      "_timeout": 2000
    },
    {
      "uuid": "6ad5f244-f4cb-4f86-a9d5-6cba329366fa",
      "title": "",
      "fullFile": "cypress/e2e/webdriver-uni/datepicker.js",
      "file": "cypress/e2e/webdriver-uni/datepicker.js",
      "beforeHooks": [],
      "afterHooks": [],
      "tests": [],
      "suites": [
        {
          "uuid": "3f90925b-0b46-4d38-8db7-7e030006641b",
          "title": "Test datepicker via webdriver uni",
          "fullFile": "",
          "file": "",
          "beforeHooks": [],
          "afterHooks": [],
          "tests": [
            {
              "title": "Select date via datepicker",
              "fullTitle": "Test datepicker via webdriver uni Select date via datepicker",
              "timedOut": null,
              "duration": 815,
              "state": "passed",
              "speed": "fast",
              "pass": true,
              "fail": false,
              "pending": false,
              "context": null,
              "code": "cy.visit(\"https://webdriveruniversity.com\");\ncy.get(\"#datepicker\").invoke(\"removeAttr\", \"target\").click({\n  force: true\n});\ncy.get(\"#datepicker\").click(); // let date = new Date();\n// date.setDate(date.getDate()); // get current date i.e. 20\n// cy.log(date.getDate());\n// let date2 = new Date();\n// date2.setDate(date.getDate() + 5); // get current date i.e. 20 + 5  = 27\n// cy.log(date2.getDate());\nlet date2 = new Date();\ndate2.setDate(date2.getDate() + 5); // get current date i.e. 20 + 5  = 27\nlet futureYear = date2.getFullYear();\nlet futureMonth = date2.toLocaleString(\"default\", {\n  month: \"long\"\n});\nlet futureDay = date2.getDate();\ncy.log(futureDay);\nfunction selectMonthAndYear() {\n  cy.get(\".datepicker-dropdown\").find(\".datepicker-switch\").first().then(currentDate => {\n    if (!currentDate.text().includes(futureYear && futureMonth)) {\n      cy.get(\".next\").first().click();\n      selectMonthAndYear();\n    }\n  });\n}\nfunction selectDay() {\n  cy.get(\"[class='day']\").contains(futureDay).click();\n}\nselectMonthAndYear();\nselectDay();",
              "err": {},
              "uuid": "cd35eb0c-e2f9-4b9e-8ec9-11e24dafc418",
              "parentUUID": "3f90925b-0b46-4d38-8db7-7e030006641b",
              "isHook": false,
              "skipped": false
            }
          ],
          "suites": [],
          "passes": [
            "cd35eb0c-e2f9-4b9e-8ec9-11e24dafc418"
          ],
          "failures": [],
          "pending": [],
          "skipped": [],
          "duration": 815,
          "root": false,
          "rootEmpty": false,
          "_timeout": 2000
        }
      ],
      "passes": [],
      "failures": [],
      "pending": [],
      "skipped": [],
      "duration": 0,
      "root": true,
      "rootEmpty": true,
      "_timeout": 2000
    },
    {
      "uuid": "d3582468-654d-4226-b7ad-0542aedf4d5e",
      "title": "",
      "fullFile": "cypress/e2e/webdriver-uni/file-upload.js",
      "file": "cypress/e2e/webdriver-uni/file-upload.js",
      "beforeHooks": [],
      "afterHooks": [],
      "tests": [],
      "suites": [
        {
          "uuid": "8f41abc3-3a2b-4907-87a7-db8a0dcaa647",
          "title": "Test file functionality via webdriveruniversity",
          "fullFile": "",
          "file": "",
          "beforeHooks": [],
          "afterHooks": [],
          "tests": [
            {
              "title": "should be able to upload file via upload input",
              "fullTitle": "Test file functionality via webdriveruniversity should be able to upload file via upload input",
              "timedOut": null,
              "duration": 1289,
              "state": "passed",
              "speed": "fast",
              "pass": true,
              "fail": false,
              "pending": false,
              "context": null,
              "code": "cy.visit(\"https://www.webdriveruniversity.com\");\ncy.get(\"#file-upload\").invoke(\"removeAttr\", \"target\").click({\n  force: true\n});\ncy.get(\"#myFile\").selectFile(\"cypress/fixtures/laptop.png\");\ncy.get(\"#submit-button\").click();",
              "err": {},
              "uuid": "3c2fc7b0-fbea-411d-afe2-ff3d66203215",
              "parentUUID": "8f41abc3-3a2b-4907-87a7-db8a0dcaa647",
              "isHook": false,
              "skipped": false
            },
            {
              "title": "should be able to upload no-file via upload input",
              "fullTitle": "Test file functionality via webdriveruniversity should be able to upload no-file via upload input",
              "timedOut": null,
              "duration": 286,
              "state": "passed",
              "speed": "fast",
              "pass": true,
              "fail": false,
              "pending": false,
              "context": null,
              "code": "cy.visit(\"https://www.webdriveruniversity.com\");\ncy.get(\"#file-upload\").invoke(\"removeAttr\", \"target\").click({\n  force: true\n});\ncy.get(\"#submit-button\").click();\ncy.on(\"window:alert\", str => {\n  expect(str).is.eq(\"You need to select a file to upload!\");\n});",
              "err": {},
              "uuid": "f46b21b3-2b00-4bad-b1f6-7a8b962c2f93",
              "parentUUID": "8f41abc3-3a2b-4907-87a7-db8a0dcaa647",
              "isHook": false,
              "skipped": false
            }
          ],
          "suites": [],
          "passes": [
            "3c2fc7b0-fbea-411d-afe2-ff3d66203215",
            "f46b21b3-2b00-4bad-b1f6-7a8b962c2f93"
          ],
          "failures": [],
          "pending": [],
          "skipped": [],
          "duration": 1575,
          "root": false,
          "rootEmpty": false,
          "_timeout": 2000
        }
      ],
      "passes": [],
      "failures": [],
      "pending": [],
      "skipped": [],
      "duration": 0,
      "root": true,
      "rootEmpty": true,
      "_timeout": 2000
    },
    {
      "uuid": "e1c19672-830e-4f2e-b02c-7e1abc0baf11",
      "title": "",
      "fullFile": "cypress/e2e/webdriver-uni/iframe.js",
      "file": "cypress/e2e/webdriver-uni/iframe.js",
      "beforeHooks": [],
      "afterHooks": [],
      "tests": [],
      "suites": [
        {
          "uuid": "5f325c4f-43d6-42c6-a447-2b574b899c63",
          "title": "Handling iFrame and modules",
          "fullFile": "",
          "file": "",
          "beforeHooks": [],
          "afterHooks": [],
          "tests": [
            {
              "title": "Handle webdriveruni iframe and module",
              "fullTitle": "Handling iFrame and modules Handle webdriveruni iframe and module",
              "timedOut": null,
              "duration": 1330,
              "state": "passed",
              "speed": "fast",
              "pass": true,
              "fail": false,
              "pending": false,
              "context": null,
              "code": "cy.visit(\"https://webdriveruniversity.com\");\ncy.get(\"#iframe\").invoke(\"removeAttr\", \"target\").click({\n  force: true\n});\ncy.get(\"#frame\").then($iframe => {\n  const body = $iframe.contents().find(\"body\");\n  cy.wrap(body).as(\"iframe\");\n});\ncy.get(\"@iframe\").find(\"#button-find-out-more\").click();\ncy.get(\"@iframe\").find(\"#myModal\").as(\"modal\");\ncy.get(\"@modal\").should($expectedText => {\n  const text = $expectedText.text();\n  expect(text).to.include(\"Welcome to webdriveruniversity.com we sell a wide range of electrical goods such as laptops, game consoles, cameras...\");\n});\ncy.get(\"@modal\").contains(\"Close\").click();",
              "err": {},
              "uuid": "632c7e7c-2fe5-4f25-8f89-f7f83f932465",
              "parentUUID": "5f325c4f-43d6-42c6-a447-2b574b899c63",
              "isHook": false,
              "skipped": false
            }
          ],
          "suites": [],
          "passes": [
            "632c7e7c-2fe5-4f25-8f89-f7f83f932465"
          ],
          "failures": [],
          "pending": [],
          "skipped": [],
          "duration": 1330,
          "root": false,
          "rootEmpty": false,
          "_timeout": 2000
        }
      ],
      "passes": [],
      "failures": [],
      "pending": [],
      "skipped": [],
      "duration": 0,
      "root": true,
      "rootEmpty": true,
      "_timeout": 2000
    },
    {
      "uuid": "d685bffd-68da-44fb-9e2c-25afdcee57e3",
      "title": "",
      "fullFile": "cypress/e2e/webdriver-uni/mouse-actions.js",
      "file": "cypress/e2e/webdriver-uni/mouse-actions.js",
      "beforeHooks": [],
      "afterHooks": [],
      "tests": [],
      "suites": [
        {
          "uuid": "c648f160-e888-46c7-8046-07abaf4fa144",
          "title": "Test mouse actions",
          "fullFile": "",
          "file": "",
          "beforeHooks": [],
          "afterHooks": [],
          "tests": [
            {
              "title": "Should be able hold mouse click on element",
              "fullTitle": "Test mouse actions Should be able hold mouse click on element",
              "timedOut": null,
              "duration": 658,
              "state": "passed",
              "speed": "fast",
              "pass": true,
              "fail": false,
              "pending": false,
              "context": null,
              "code": "cy.visit(\"https://webdriveruniversity.com\");\ncy.get(\"#actions\").scrollIntoView().invoke(\"removeAttr\", \"target\").click({\n  force: true\n});\ncy.get(\"#click-box\").trigger(\"mousedown\", {\n  which: 1\n}).then($el => {\n  expect($el).to.have.css(\"background-color\", \"rgb(0, 255, 0)\");\n});",
              "err": {},
              "uuid": "5c46fda5-493f-4321-b7f8-1bf85e4c72a7",
              "parentUUID": "c648f160-e888-46c7-8046-07abaf4fa144",
              "isHook": false,
              "skipped": false
            }
          ],
          "suites": [],
          "passes": [
            "5c46fda5-493f-4321-b7f8-1bf85e4c72a7"
          ],
          "failures": [],
          "pending": [],
          "skipped": [],
          "duration": 658,
          "root": false,
          "rootEmpty": false,
          "_timeout": 2000
        }
      ],
      "passes": [],
      "failures": [],
      "pending": [],
      "skipped": [],
      "duration": 0,
      "root": true,
      "rootEmpty": true,
      "_timeout": 2000
    },
    {
      "uuid": "cfc5288e-60b1-4a65-86f5-2803b7a8f2f4",
      "title": "",
      "fullFile": "cypress/e2e/webdriver-uni/radio-buttons.js",
      "file": "cypress/e2e/webdriver-uni/radio-buttons.js",
      "beforeHooks": [],
      "afterHooks": [],
      "tests": [],
      "suites": [
        {
          "uuid": "cf4f3d6c-5380-4bf6-9ffb-9254663823a0",
          "title": "Verify radio buttons via webdriveruni",
          "fullFile": "",
          "file": "",
          "beforeHooks": [],
          "afterHooks": [],
          "tests": [
            {
              "title": "Check specific radio buttons",
              "fullTitle": "Verify radio buttons via webdriveruni Check specific radio buttons",
              "timedOut": null,
              "duration": 851,
              "state": "passed",
              "speed": "fast",
              "pass": true,
              "fail": false,
              "pending": false,
              "context": null,
              "code": "cy.get(\"#radio-buttons\").find(\"[type='radio']\").first().check();\ncy.get(\"#radio-buttons\").find(\"[type='radio']\").eq(1).check();",
              "err": {},
              "uuid": "f290f662-bc70-49b3-8aa4-77eac9bf33a3",
              "parentUUID": "cf4f3d6c-5380-4bf6-9ffb-9254663823a0",
              "isHook": false,
              "skipped": false
            },
            {
              "title": "Validate the states of specific radio buttons",
              "fullTitle": "Verify radio buttons via webdriveruni Validate the states of specific radio buttons",
              "timedOut": null,
              "duration": 281,
              "state": "passed",
              "speed": "fast",
              "pass": true,
              "fail": false,
              "pending": false,
              "context": null,
              "code": "cy.get(\"[value='lettuce']\").should(\"not.be.checked\");\ncy.get(\"[value='pumpkin']\").should(\"be.checked\");\ncy.get(\"[value='lettuce']\").check();\ncy.get(\"[value='lettuce']\").should(\"be.checked\");\ncy.get(\"[value='pumpkin']\").should(\"not.be.checked\");\ncy.get(\"[value='cabbage']\").should(\"be.disabled\");",
              "err": {},
              "uuid": "5c1f6794-fc6a-4460-9a7f-49f592b0d057",
              "parentUUID": "cf4f3d6c-5380-4bf6-9ffb-9254663823a0",
              "isHook": false,
              "skipped": false
            }
          ],
          "suites": [],
          "passes": [
            "f290f662-bc70-49b3-8aa4-77eac9bf33a3",
            "5c1f6794-fc6a-4460-9a7f-49f592b0d057"
          ],
          "failures": [],
          "pending": [],
          "skipped": [],
          "duration": 1132,
          "root": false,
          "rootEmpty": false,
          "_timeout": 2000
        }
      ],
      "passes": [],
      "failures": [],
      "pending": [],
      "skipped": [],
      "duration": 0,
      "root": true,
      "rootEmpty": true,
      "_timeout": 2000
    },
    {
      "uuid": "95f2dde0-433f-4dc9-af07-425ef0eb111d",
      "title": "",
      "fullFile": "cypress/e2e/webdriver-uni/select-dropdown-list.js",
      "file": "cypress/e2e/webdriver-uni/select-dropdown-list.js",
      "beforeHooks": [],
      "afterHooks": [],
      "tests": [],
      "suites": [
        {
          "uuid": "70fb1d45-e070-4c56-a127-7289e06b747b",
          "title": "Interact with drop-down-list via webdriver-uni",
          "fullFile": "",
          "file": "",
          "beforeHooks": [],
          "afterHooks": [],
          "tests": [
            {
              "title": "Should allow to select specific value from dropdown list",
              "fullTitle": "Interact with drop-down-list via webdriver-uni Should allow to select specific value from dropdown list",
              "timedOut": null,
              "duration": 1386,
              "state": "passed",
              "speed": "fast",
              "pass": true,
              "fail": false,
              "pending": false,
              "context": null,
              "code": "cy.visit(\"https://webdriveruniversity.com\");\ncy.get(\"#dropdown-checkboxes-radiobuttons\").invoke(\"removeAttr\", \"target\").click({\n  force: true\n});\ncy.get(\"#dropdowm-menu-1\").select(\"c#\");\ncy.get(\"#dropdowm-menu-2\").as(\"dropdown-2\");\ncy.get(\"@dropdown-2\").select(\"testng\").should(\"have.value\", \"testng\");\ncy.get(\"@dropdown-2\").select(\"TestNG\").contains(\"TestNG\");\ncy.get(\"@dropdown-2\").select(\"maven\").should(\"have.value\", \"maven\");\ncy.get(\"#dropdowm-menu-3\").select(\"jquery\").contains(\"JQuery\");",
              "err": {},
              "uuid": "249efe0e-099c-4e7c-9ada-ee46ab55134d",
              "parentUUID": "70fb1d45-e070-4c56-a127-7289e06b747b",
              "isHook": false,
              "skipped": false
            }
          ],
          "suites": [],
          "passes": [
            "249efe0e-099c-4e7c-9ada-ee46ab55134d"
          ],
          "failures": [],
          "pending": [],
          "skipped": [],
          "duration": 1386,
          "root": false,
          "rootEmpty": false,
          "_timeout": 2000
        }
      ],
      "passes": [],
      "failures": [],
      "pending": [],
      "skipped": [],
      "duration": 0,
      "root": true,
      "rootEmpty": true,
      "_timeout": 2000
    },
    {
      "uuid": "0115b381-7b3e-4622-bad5-d69537c092f0",
      "title": "",
      "fullFile": "cypress/e2e/webdriver-uni/traversing-elements.js",
      "file": "cypress/e2e/webdriver-uni/traversing-elements.js",
      "beforeHooks": [],
      "afterHooks": [],
      "tests": [],
      "suites": [
        {
          "uuid": "f41cc56a-ab4e-458f-a86f-3df6d87a0592",
          "title": "Traversing DOM elements in Cypress",
          "fullFile": "",
          "file": "",
          "beforeHooks": [],
          "afterHooks": [],
          "tests": [
            {
              "title": "children() to get the children of DOM elements",
              "fullTitle": "Traversing DOM elements in Cypress children() to get the children of DOM elements",
              "timedOut": null,
              "duration": 674,
              "state": "passed",
              "speed": "fast",
              "pass": true,
              "fail": false,
              "pending": false,
              "context": null,
              "code": "cy.get(\".traversal-breadcrumb\").children(\".active\").should(\"contain\", \"Contact Us\");",
              "err": {},
              "uuid": "f372a3c7-51ad-4500-9ced-60ce25019c1d",
              "parentUUID": "f41cc56a-ab4e-458f-a86f-3df6d87a0592",
              "isHook": false,
              "skipped": false
            },
            {
              "title": "closest() to validate the closest ancestor DOM element",
              "fullTitle": "Traversing DOM elements in Cypress closest() to validate the closest ancestor DOM element",
              "timedOut": null,
              "duration": 219,
              "state": "passed",
              "speed": "fast",
              "pass": true,
              "fail": false,
              "pending": false,
              "context": null,
              "code": "cy.get(\".traversal-badge\").closest(\"ul\").should(\"have.class\", \"list-group\");",
              "err": {},
              "uuid": "336d40f3-1b5a-49bd-8364-9ac1a03f68fd",
              "parentUUID": "f41cc56a-ab4e-458f-a86f-3df6d87a0592",
              "isHook": false,
              "skipped": false
            },
            {
              "title": "eq() to retrieve a specific element based on index",
              "fullTitle": "Traversing DOM elements in Cypress eq() to retrieve a specific element based on index",
              "timedOut": null,
              "duration": 236,
              "state": "passed",
              "speed": "fast",
              "pass": true,
              "fail": false,
              "pending": false,
              "context": null,
              "code": "cy.get(\".traversal-drinks-list > *\").eq(2).should(\"contain\", \"Milk\");",
              "err": {},
              "uuid": "27139737-58e0-4023-b8cb-139622afa345",
              "parentUUID": "f41cc56a-ab4e-458f-a86f-3df6d87a0592",
              "isHook": false,
              "skipped": false
            },
            {
              "title": "filter() to retrieve DOM elements that match a specific selector",
              "fullTitle": "Traversing DOM elements in Cypress filter() to retrieve DOM elements that match a specific selector",
              "timedOut": null,
              "duration": 213,
              "state": "passed",
              "speed": "fast",
              "pass": true,
              "fail": false,
              "pending": false,
              "context": null,
              "code": "cy.get(\".btn-group-toggle > *\").filter(\".active\").should(\"contain\", \"Button-1\");",
              "err": {},
              "uuid": "caa8cc4d-2765-4383-9c9f-0d8c925bac03",
              "parentUUID": "f41cc56a-ab4e-458f-a86f-3df6d87a0592",
              "isHook": false,
              "skipped": false
            },
            {
              "title": "find() to retrieve DOM elements of a given selector",
              "fullTitle": "Traversing DOM elements in Cypress find() to retrieve DOM elements of a given selector",
              "timedOut": null,
              "duration": 227,
              "state": "passed",
              "speed": "fast",
              "pass": true,
              "fail": false,
              "pending": false,
              "context": null,
              "code": "cy.get(\".traversal-pagination\").find(\"li\").find(\"a\").should(\"have.length\", 7);",
              "err": {},
              "uuid": "4033a584-a101-4c63-9966-336d7ba09809",
              "parentUUID": "f41cc56a-ab4e-458f-a86f-3df6d87a0592",
              "isHook": false,
              "skipped": false
            },
            {
              "title": "first() to retrieve the first DOM element within elements ",
              "fullTitle": "Traversing DOM elements in Cypress first() to retrieve the first DOM element within elements ",
              "timedOut": null,
              "duration": 244,
              "state": "passed",
              "speed": "fast",
              "pass": true,
              "fail": false,
              "pending": false,
              "context": null,
              "code": "cy.get(\".traversal-table > tbody > tr > td\").first().should(\"contain\", \"Andy\");",
              "err": {},
              "uuid": "3956ce97-19ac-4d51-8b65-32730ce1c00b",
              "parentUUID": "f41cc56a-ab4e-458f-a86f-3df6d87a0592",
              "isHook": false,
              "skipped": false
            },
            {
              "title": "last() to retrieve the last DOM element within elements",
              "fullTitle": "Traversing DOM elements in Cypress last() to retrieve the last DOM element within elements",
              "timedOut": null,
              "duration": 220,
              "state": "passed",
              "speed": "fast",
              "pass": true,
              "fail": false,
              "pending": false,
              "context": null,
              "code": "cy.get(\".traversal-table > tbody > tr > td\").last().should(\"contain\", \"Scott\");",
              "err": {},
              "uuid": "bc6fc34b-d4a9-45c1-b2a5-ff9b7c8e39d9",
              "parentUUID": "f41cc56a-ab4e-458f-a86f-3df6d87a0592",
              "isHook": false,
              "skipped": false
            },
            {
              "title": "nextAll() to get all of the next sibling DOM elements within elements",
              "fullTitle": "Traversing DOM elements in Cypress nextAll() to get all of the next sibling DOM elements within elements",
              "timedOut": null,
              "duration": 226,
              "state": "passed",
              "speed": "fast",
              "pass": true,
              "fail": false,
              "pending": false,
              "context": null,
              "code": "cy.get(\".traversal-drinks-list\").contains(\"Tea\").nextAll().should(\"have.length\", 3);",
              "err": {},
              "uuid": "abc2e9b1-2eb7-4df0-b0e3-9a455c56f75d",
              "parentUUID": "f41cc56a-ab4e-458f-a86f-3df6d87a0592",
              "isHook": false,
              "skipped": false
            },
            {
              "title": "nextUntil() to get all of the next sibling DOM elements within elements until another element",
              "fullTitle": "Traversing DOM elements in Cypress nextUntil() to get all of the next sibling DOM elements within elements until another element",
              "timedOut": null,
              "duration": 200,
              "state": "passed",
              "speed": "fast",
              "pass": true,
              "fail": false,
              "pending": false,
              "context": null,
              "code": "cy.get(\"#coffee\").nextUntil(\"milk\");",
              "err": {},
              "uuid": "cb51f7a7-a143-411a-89d7-95fc6e517a72",
              "parentUUID": "f41cc56a-ab4e-458f-a86f-3df6d87a0592",
              "isHook": false,
              "skipped": false
            },
            {
              "title": "not() to remove DOM element(s) from the set of elements",
              "fullTitle": "Traversing DOM elements in Cypress not() to remove DOM element(s) from the set of elements",
              "timedOut": null,
              "duration": 202,
              "state": "passed",
              "speed": "fast",
              "pass": true,
              "fail": false,
              "pending": false,
              "context": null,
              "code": "cy.get(\".traversal-button-states > button\").not(\".disabled\").should(\"not.have.class\", \"disabled\");",
              "err": {},
              "uuid": "7e88d231-4dd5-4712-b558-827766ed29e1",
              "parentUUID": "f41cc56a-ab4e-458f-a86f-3df6d87a0592",
              "isHook": false,
              "skipped": false
            },
            {
              "title": "parent() To get parent DOM element of elements",
              "fullTitle": "Traversing DOM elements in Cypress parent() To get parent DOM element of elements",
              "timedOut": null,
              "duration": 213,
              "state": "passed",
              "speed": "fast",
              "pass": true,
              "fail": false,
              "pending": false,
              "context": null,
              "code": "cy.get(\".traversal-mark\").parent().should(\"contain\", \"Lorem ipsum dolor sit amet\");",
              "err": {},
              "uuid": "a7786ccf-2eea-495e-b933-741f4e212638",
              "parentUUID": "f41cc56a-ab4e-458f-a86f-3df6d87a0592",
              "isHook": false,
              "skipped": false
            },
            {
              "title": "parents() to get parents DOM element of elements",
              "fullTitle": "Traversing DOM elements in Cypress parents() to get parents DOM element of elements",
              "timedOut": null,
              "duration": 208,
              "state": "passed",
              "speed": "fast",
              "pass": true,
              "fail": false,
              "pending": false,
              "context": null,
              "code": "cy.get(\".traversal-cite\").parents().should(\"match\", \"blockquote\");",
              "err": {},
              "uuid": "95517a7e-312c-4c45-9975-726c21799d12",
              "parentUUID": "f41cc56a-ab4e-458f-a86f-3df6d87a0592",
              "isHook": false,
              "skipped": false
            },
            {
              "title": "prev() to get the previous sibling DOM element within elements",
              "fullTitle": "Traversing DOM elements in Cypress prev() to get the previous sibling DOM element within elements",
              "timedOut": null,
              "duration": 202,
              "state": "passed",
              "speed": "fast",
              "pass": true,
              "fail": false,
              "pending": false,
              "context": null,
              "code": "cy.get(\"#sugar\").prev().should(\"contain\", \"Espresso\");",
              "err": {},
              "uuid": "81e2da52-3c39-4cd6-8788-12ba66aad1cf",
              "parentUUID": "f41cc56a-ab4e-458f-a86f-3df6d87a0592",
              "isHook": false,
              "skipped": false
            },
            {
              "title": "prevAll() to get all previous sibling DOM elements within elements",
              "fullTitle": "Traversing DOM elements in Cypress prevAll() to get all previous sibling DOM elements within elements",
              "timedOut": null,
              "duration": 211,
              "state": "passed",
              "speed": "fast",
              "pass": true,
              "fail": false,
              "pending": false,
              "context": null,
              "code": "cy.get(\".sales\").prevAll().should(\"have.length\", 2);",
              "err": {},
              "uuid": "6a6f8868-fb91-4e06-bdc0-2146057d2e11",
              "parentUUID": "f41cc56a-ab4e-458f-a86f-3df6d87a0592",
              "isHook": false,
              "skipped": false
            },
            {
              "title": "prevUntil() to get all previous sibling DOM elements within elements until other element",
              "fullTitle": "Traversing DOM elements in Cypress prevUntil() to get all previous sibling DOM elements within elements until other element",
              "timedOut": null,
              "duration": 204,
              "state": "passed",
              "speed": "fast",
              "pass": true,
              "fail": false,
              "pending": false,
              "context": null,
              "code": "cy.get(\"#veggie\").prevUntil(\"#fruits\").should(\"have.length\", 5);",
              "err": {},
              "uuid": "6f58e3a5-e463-4779-8077-b21fb415d4d2",
              "parentUUID": "f41cc56a-ab4e-458f-a86f-3df6d87a0592",
              "isHook": false,
              "skipped": false
            },
            {
              "title": "siblings() To get all sibling DOM elements of elements",
              "fullTitle": "Traversing DOM elements in Cypress siblings() To get all sibling DOM elements of elements",
              "timedOut": null,
              "duration": 205,
              "state": "passed",
              "speed": "fast",
              "pass": true,
              "fail": false,
              "pending": false,
              "context": null,
              "code": "cy.get(\".traversal-button-other-states .active\").siblings().should(\"have.length\", 3);",
              "err": {},
              "uuid": "e8fd1151-2f74-43d0-9fb6-850626a3146f",
              "parentUUID": "f41cc56a-ab4e-458f-a86f-3df6d87a0592",
              "isHook": false,
              "skipped": false
            }
          ],
          "suites": [],
          "passes": [
            "f372a3c7-51ad-4500-9ced-60ce25019c1d",
            "336d40f3-1b5a-49bd-8364-9ac1a03f68fd",
            "27139737-58e0-4023-b8cb-139622afa345",
            "caa8cc4d-2765-4383-9c9f-0d8c925bac03",
            "4033a584-a101-4c63-9966-336d7ba09809",
            "3956ce97-19ac-4d51-8b65-32730ce1c00b",
            "bc6fc34b-d4a9-45c1-b2a5-ff9b7c8e39d9",
            "abc2e9b1-2eb7-4df0-b0e3-9a455c56f75d",
            "cb51f7a7-a143-411a-89d7-95fc6e517a72",
            "7e88d231-4dd5-4712-b558-827766ed29e1",
            "a7786ccf-2eea-495e-b933-741f4e212638",
            "95517a7e-312c-4c45-9975-726c21799d12",
            "81e2da52-3c39-4cd6-8788-12ba66aad1cf",
            "6a6f8868-fb91-4e06-bdc0-2146057d2e11",
            "6f58e3a5-e463-4779-8077-b21fb415d4d2",
            "e8fd1151-2f74-43d0-9fb6-850626a3146f"
          ],
          "failures": [],
          "pending": [],
          "skipped": [],
          "duration": 3904,
          "root": false,
          "rootEmpty": false,
          "_timeout": 2000
        }
      ],
      "passes": [],
      "failures": [],
      "pending": [],
      "skipped": [],
      "duration": 0,
      "root": true,
      "rootEmpty": true,
      "_timeout": 2000
    }
  ],
  "meta": {
    "mocha": {
      "version": "7.0.1"
    },
    "mochawesome": {
      "options": {
        "quiet": false,
        "reportFilename": "mochawesome",
        "saveHtml": false,
        "saveJson": true,
        "consoleReporter": "spec",
        "useInlineDiffs": false,
        "code": true
      },
      "version": "7.1.3"
    },
    "marge": {
      "options": {
        "id": "default",
        "reportDir": "cypress/results/mochawesome",
        "quite": true,
        "overwrite": false,
        "html": false,
        "json": true
      },
      "version": "6.2.0"
    }
  }
}