{
  "stats": {
    "suites": 1,
    "tests": 2,
    "passes": 2,
    "pending": 0,
    "failures": 0,
    "start": "2022-12-25T10:38:00.518Z",
    "end": "2022-12-25T10:38:02.108Z",
    "duration": 1590,
    "testsRegistered": 2,
    "passPercent": 100,
    "pendingPercent": 0,
    "other": 0,
    "hasOther": false,
    "skipped": 0,
    "hasSkipped": false
  },
  "results": [
    {
      "uuid": "d3582468-654d-4226-b7ad-0542aedf4d5e",
      "title": "",
      "fullFile": "cypress/e2e/webdriver-uni/file-upload.js",
      "file": "cypress/e2e/webdriver-uni/file-upload.js",
      "beforeHooks": [],
      "afterHooks": [],
      "tests": [],
      "suites": [
        {
          "uuid": "8f41abc3-3a2b-4907-87a7-db8a0dcaa647",
          "title": "Test file functionality via webdriveruniversity",
          "fullFile": "",
          "file": "",
          "beforeHooks": [],
          "afterHooks": [],
          "tests": [
            {
              "title": "should be able to upload file via upload input",
              "fullTitle": "Test file functionality via webdriveruniversity should be able to upload file via upload input",
              "timedOut": null,
              "duration": 1289,
              "state": "passed",
              "speed": "fast",
              "pass": true,
              "fail": false,
              "pending": false,
              "context": null,
              "code": "cy.visit(\"https://www.webdriveruniversity.com\");\ncy.get(\"#file-upload\").invoke(\"removeAttr\", \"target\").click({\n  force: true\n});\ncy.get(\"#myFile\").selectFile(\"cypress/fixtures/laptop.png\");\ncy.get(\"#submit-button\").click();",
              "err": {},
              "uuid": "3c2fc7b0-fbea-411d-afe2-ff3d66203215",
              "parentUUID": "8f41abc3-3a2b-4907-87a7-db8a0dcaa647",
              "isHook": false,
              "skipped": false
            },
            {
              "title": "should be able to upload no-file via upload input",
              "fullTitle": "Test file functionality via webdriveruniversity should be able to upload no-file via upload input",
              "timedOut": null,
              "duration": 286,
              "state": "passed",
              "speed": "fast",
              "pass": true,
              "fail": false,
              "pending": false,
              "context": null,
              "code": "cy.visit(\"https://www.webdriveruniversity.com\");\ncy.get(\"#file-upload\").invoke(\"removeAttr\", \"target\").click({\n  force: true\n});\ncy.get(\"#submit-button\").click();\ncy.on(\"window:alert\", str => {\n  expect(str).is.eq(\"You need to select a file to upload!\");\n});",
              "err": {},
              "uuid": "f46b21b3-2b00-4bad-b1f6-7a8b962c2f93",
              "parentUUID": "8f41abc3-3a2b-4907-87a7-db8a0dcaa647",
              "isHook": false,
              "skipped": false
            }
          ],
          "suites": [],
          "passes": [
            "3c2fc7b0-fbea-411d-afe2-ff3d66203215",
            "f46b21b3-2b00-4bad-b1f6-7a8b962c2f93"
          ],
          "failures": [],
          "pending": [],
          "skipped": [],
          "duration": 1575,
          "root": false,
          "rootEmpty": false,
          "_timeout": 2000
        }
      ],
      "passes": [],
      "failures": [],
      "pending": [],
      "skipped": [],
      "duration": 0,
      "root": true,
      "rootEmpty": true,
      "_timeout": 2000
    }
  ],
  "meta": {
    "mocha": {
      "version": "7.0.1"
    },
    "mochawesome": {
      "options": {
        "quiet": false,
        "reportFilename": "mochawesome",
        "saveHtml": false,
        "saveJson": true,
        "consoleReporter": "spec",
        "useInlineDiffs": false,
        "code": true
      },
      "version": "7.1.3"
    },
    "marge": {
      "options": {
        "id": "default",
        "reportDir": "cypress/results/mochawesome",
        "quite": true,
        "overwrite": false,
        "html": false,
        "json": true
      },
      "version": "6.2.0"
    }
  }
}