{
  "stats": {
    "suites": 1,
    "tests": 2,
    "passes": 2,
    "pending": 0,
    "failures": 0,
    "start": "2022-12-25T10:37:51.965Z",
    "end": "2022-12-25T10:37:55.549Z",
    "duration": 3584,
    "testsRegistered": 2,
    "passPercent": 100,
    "pendingPercent": 0,
    "other": 0,
    "hasOther": false,
    "skipped": 0,
    "hasSkipped": false
  },
  "results": [
    {
      "uuid": "2dc3d0b9-d697-4934-b267-c9ff74920e3b",
      "title": "",
      "fullFile": "cypress/e2e/webdriver-uni/contact-us.js",
      "file": "cypress/e2e/webdriver-uni/contact-us.js",
      "beforeHooks": [],
      "afterHooks": [],
      "tests": [],
      "suites": [
        {
          "uuid": "e3955013-0bff-490c-95a4-4187c230371c",
          "title": "Test contact us page via webdriveruniversity",
          "fullFile": "",
          "file": "",
          "beforeHooks": [],
          "afterHooks": [],
          "tests": [
            {
              "title": "should be able to submit a successfull submition via sub/form",
              "fullTitle": "Test contact us page via webdriveruniversity should be able to submit a successfull submition via sub/form",
              "timedOut": null,
              "duration": 2286,
              "state": "passed",
              "speed": "fast",
              "pass": true,
              "fail": false,
              "pending": false,
              "context": null,
              "code": "/* See below 3 examples of web-page assertions */\ncy.document().should(\"have.property\", \"charset\").and(\"eq\", \"UTF-8\");\ncy.title().should(\"include\", \"WebDriver\");\ncy.url().should(\"include\", \"contact\");\ncontactuspage_PO.ContactFormSubmition(Cypress.env(\"first_name\"), data.last_name, data.email, data.message, \"h1\", \"Thank You for your Message!\");\n/* Same task could be implemented using custom commands like in example below */\n// cy.webUniContactFormSubmition(\n//   Cypress.env(\"first_name\"),\n//   data.last_name,\n//   data.email,\n//   data.message,\n//   \"h1\",\n//   \"Thank You for your Message!\"\n// );",
              "err": {},
              "uuid": "d4f44228-e37f-41ab-a6fc-4b243bcea0a0",
              "parentUUID": "e3955013-0bff-490c-95a4-4187c230371c",
              "isHook": false,
              "skipped": false
            },
            {
              "title": "should not be able to submit a successfull submition via sub/form ass all field are required",
              "fullTitle": "Test contact us page via webdriveruniversity should not be able to submit a successfull submition via sub/form ass all field are required",
              "timedOut": null,
              "duration": 1285,
              "state": "passed",
              "speed": "fast",
              "pass": true,
              "fail": false,
              "pending": false,
              "context": null,
              "code": "contactuspage_PO.ContactFormSubmition(data.first_name, data.last_name, \" \", data.message, \"body\", \"Error: Invalid email address\");\n/* Same task could be implemented using custom commands like in example below */\n// cy.webUniContactFormSubmition(\n//   data.first_name,\n//   data.last_name,\n//   \" \",\n//   data.message,\n//   \"body\",\n//   \"Error: Invalid email address\"\n// );",
              "err": {},
              "uuid": "9debc9dd-f2c5-453e-a840-9f39a9923907",
              "parentUUID": "e3955013-0bff-490c-95a4-4187c230371c",
              "isHook": false,
              "skipped": false
            }
          ],
          "suites": [],
          "passes": [
            "d4f44228-e37f-41ab-a6fc-4b243bcea0a0",
            "9debc9dd-f2c5-453e-a840-9f39a9923907"
          ],
          "failures": [],
          "pending": [],
          "skipped": [],
          "duration": 3571,
          "root": false,
          "rootEmpty": false,
          "_timeout": 2000
        }
      ],
      "passes": [],
      "failures": [],
      "pending": [],
      "skipped": [],
      "duration": 0,
      "root": true,
      "rootEmpty": true,
      "_timeout": 2000
    }
  ],
  "meta": {
    "mocha": {
      "version": "7.0.1"
    },
    "mochawesome": {
      "options": {
        "quiet": false,
        "reportFilename": "mochawesome",
        "saveHtml": false,
        "saveJson": true,
        "consoleReporter": "spec",
        "useInlineDiffs": false,
        "code": true
      },
      "version": "7.1.3"
    },
    "marge": {
      "options": {
        "id": "default",
        "reportDir": "cypress/results/mochawesome",
        "quite": true,
        "overwrite": false,
        "html": false,
        "json": true
      },
      "version": "6.2.0"
    }
  }
}