{
  "stats": {
    "suites": 1,
    "tests": 1,
    "passes": 1,
    "pending": 0,
    "failures": 0,
    "start": "2022-12-25T10:37:30.000Z",
    "end": "2022-12-25T10:37:32.649Z",
    "duration": 2649,
    "testsRegistered": 1,
    "passPercent": 100,
    "pendingPercent": 0,
    "other": 0,
    "hasOther": false,
    "skipped": 0,
    "hasSkipped": false
  },
  "results": [
    {
      "uuid": "3e4662c9-e5d9-48fd-b4d9-8d94a0e53e1d",
      "title": "",
      "fullFile": "cypress/e2e/automation-teststore/inspect-items.js",
      "file": "cypress/e2e/automation-teststore/inspect-items.js",
      "beforeHooks": [],
      "afterHooks": [],
      "tests": [],
      "suites": [
        {
          "uuid": "d9bf969a-b7cd-4fe4-b01b-777ff0ba1ff0",
          "title": "Inspect automation store items with chaining commands",
          "fullFile": "",
          "file": "",
          "beforeHooks": [],
          "afterHooks": [],
          "tests": [
            {
              "title": "should be able to select specific item",
              "fullTitle": "Inspect automation store items with chaining commands should be able to select specific item",
              "timedOut": null,
              "duration": 1768,
              "state": "passed",
              "speed": "fast",
              "pass": true,
              "fail": false,
              "pending": false,
              "context": null,
              "code": "cy.visit(\"https://automationteststore.com/\");\ncy.get(\".prdocutname\").contains(\"Skinsheen Bronzer Stick\").click().then(function (itetHeaderText) {\n  console.log(`Selected the following item ${itetHeaderText.text()}`);\n});",
              "err": {},
              "uuid": "385338c3-9c42-4119-9766-44baf888c484",
              "parentUUID": "d9bf969a-b7cd-4fe4-b01b-777ff0ba1ff0",
              "isHook": false,
              "skipped": false
            }
          ],
          "suites": [],
          "passes": [
            "385338c3-9c42-4119-9766-44baf888c484"
          ],
          "failures": [],
          "pending": [],
          "skipped": [],
          "duration": 1768,
          "root": false,
          "rootEmpty": false,
          "_timeout": 2000
        }
      ],
      "passes": [],
      "failures": [],
      "pending": [],
      "skipped": [],
      "duration": 0,
      "root": true,
      "rootEmpty": true,
      "_timeout": 2000
    }
  ],
  "meta": {
    "mocha": {
      "version": "7.0.1"
    },
    "mochawesome": {
      "options": {
        "quiet": false,
        "reportFilename": "mochawesome",
        "saveHtml": false,
        "saveJson": true,
        "consoleReporter": "spec",
        "useInlineDiffs": false,
        "code": true
      },
      "version": "7.1.3"
    },
    "marge": {
      "options": {
        "id": "default",
        "reportDir": "cypress/results/mochawesome",
        "quite": true,
        "overwrite": false,
        "html": false,
        "json": true
      },
      "version": "6.2.0"
    }
  }
}