{
  "stats": {
    "suites": 1,
    "tests": 1,
    "passes": 1,
    "pending": 0,
    "failures": 0,
    "start": "2022-12-25T17:19:03.781Z",
    "end": "2022-12-25T17:19:08.186Z",
    "duration": 4405,
    "testsRegistered": 1,
    "passPercent": 100,
    "pendingPercent": 0,
    "other": 0,
    "hasOther": false,
    "skipped": 0,
    "hasSkipped": false
  },
  "results": [
    {
      "uuid": "932b9477-01b2-44dc-9097-4f63e5c710c1",
      "title": "",
      "fullFile": "cypress/e2e/automation-teststore/add-items-to-the-basket.js",
      "file": "cypress/e2e/automation-teststore/add-items-to-the-basket.js",
      "beforeHooks": [],
      "afterHooks": [],
      "tests": [],
      "suites": [
        {
          "uuid": "668a086f-e717-451a-8c37-ecc6a3488d98",
          "title": "Add multiple items to basket",
          "fullFile": "",
          "file": "",
          "beforeHooks": [],
          "afterHooks": [],
          "tests": [
            {
              "title": "Add specific item to basket",
              "fullTitle": "Add multiple items to basket Add specific item to basket",
              "timedOut": null,
              "duration": 2860,
              "state": "passed",
              "speed": "fast",
              "pass": true,
              "fail": false,
              "pending": false,
              "context": null,
              "code": "autostore_haircarepage_PO.addHaircareProductsToBasket();\n/* Same logic but whithout abstraction and pom */\n// globalThis.data.productName.map((el) => cy.addProductToBasket(el));\n// cy.get(\".dropdown-toggle > .fa\").click();",
              "err": {},
              "uuid": "4eb2f598-9642-4595-9233-114d58ea9222",
              "parentUUID": "668a086f-e717-451a-8c37-ecc6a3488d98",
              "isHook": false,
              "skipped": false
            }
          ],
          "suites": [],
          "passes": [
            "4eb2f598-9642-4595-9233-114d58ea9222"
          ],
          "failures": [],
          "pending": [],
          "skipped": [],
          "duration": 2860,
          "root": false,
          "rootEmpty": false,
          "_timeout": 2000
        }
      ],
      "passes": [],
      "failures": [],
      "pending": [],
      "skipped": [],
      "duration": 0,
      "root": true,
      "rootEmpty": true,
      "_timeout": 2000
    }
  ],
  "meta": {
    "mocha": {
      "version": "7.0.1"
    },
    "mochawesome": {
      "options": {
        "quiet": false,
        "reportFilename": "mochawesome",
        "saveHtml": false,
        "saveJson": true,
        "consoleReporter": "spec",
        "useInlineDiffs": false,
        "code": true
      },
      "version": "7.1.3"
    },
    "marge": {
      "options": {
        "id": "default",
        "reportDir": "cypress/results/mochawesome",
        "quite": true,
        "overwrite": false,
        "html": false,
        "json": true
      },
      "version": "6.2.0"
    }
  }
}