{
  "stats": {
    "suites": 1,
    "tests": 1,
    "passes": 1,
    "pending": 0,
    "failures": 0,
    "start": "2022-12-25T17:34:51.909Z",
    "end": "2022-12-25T17:34:56.090Z",
    "duration": 4181,
    "testsRegistered": 1,
    "passPercent": 100,
    "pendingPercent": 0,
    "other": 0,
    "hasOther": false,
    "skipped": 0,
    "hasSkipped": false
  },
  "results": [
    {
      "uuid": "0a0e06e3-95ba-4ca3-92d3-14d29ff807dd",
      "title": "",
      "fullFile": "cypress/e2e/automation-teststore/add-items-to-the-basket.js",
      "file": "cypress/e2e/automation-teststore/add-items-to-the-basket.js",
      "beforeHooks": [],
      "afterHooks": [],
      "tests": [],
      "suites": [
        {
          "uuid": "cb57f564-4745-4d2b-b6bc-9191aa23c2a5",
          "title": "Add multiple items to basket",
          "fullFile": "",
          "file": "",
          "beforeHooks": [],
          "afterHooks": [],
          "tests": [
            {
              "title": "Add specific item to basket",
              "fullTitle": "Add multiple items to basket Add specific item to basket",
              "timedOut": null,
              "duration": 2993,
              "state": "passed",
              "speed": "fast",
              "pass": true,
              "fail": false,
              "pending": false,
              "context": null,
              "code": "autostore_haircarepage_PO.addHaircareProductsToBasket();\n/* Same logic but whithout abstraction and pom */\n// globalThis.data.productName.map((el) => cy.addProductToBasket(el));\n// cy.get(\".dropdown-toggle > .fa\").click();",
              "err": {},
              "uuid": "3512bb0d-74a2-44be-a657-e7e708f9a368",
              "parentUUID": "cb57f564-4745-4d2b-b6bc-9191aa23c2a5",
              "isHook": false,
              "skipped": false
            }
          ],
          "suites": [],
          "passes": [
            "3512bb0d-74a2-44be-a657-e7e708f9a368"
          ],
          "failures": [],
          "pending": [],
          "skipped": [],
          "duration": 2993,
          "root": false,
          "rootEmpty": false,
          "_timeout": 2000
        }
      ],
      "passes": [],
      "failures": [],
      "pending": [],
      "skipped": [],
      "duration": 0,
      "root": true,
      "rootEmpty": true,
      "_timeout": 2000
    }
  ],
  "meta": {
    "mocha": {
      "version": "7.0.1"
    },
    "mochawesome": {
      "options": {
        "quiet": false,
        "reportFilename": "mochawesome",
        "saveHtml": false,
        "saveJson": true,
        "consoleReporter": "spec",
        "useInlineDiffs": false,
        "code": true
      },
      "version": "7.1.3"
    },
    "marge": {
      "options": {
        "id": "default",
        "reportDir": "cypress/results/mochawesome",
        "quite": true,
        "overwrite": false,
        "html": false,
        "json": true
      },
      "version": "6.2.0"
    }
  }
}