{
  "stats": {
    "suites": 1,
    "tests": 1,
    "passes": 1,
    "pending": 0,
    "failures": 0,
    "start": "2022-12-25T17:19:46.714Z",
    "end": "2022-12-25T17:19:47.511Z",
    "duration": 797,
    "testsRegistered": 1,
    "passPercent": 100,
    "pendingPercent": 0,
    "other": 0,
    "hasOther": false,
    "skipped": 0,
    "hasSkipped": false
  },
  "results": [
    {
      "uuid": "0a4bbce2-3674-4222-8b65-2683e7626b72",
      "title": "",
      "fullFile": "cypress/e2e/webdriver-uni/datepicker.js",
      "file": "cypress/e2e/webdriver-uni/datepicker.js",
      "beforeHooks": [],
      "afterHooks": [],
      "tests": [],
      "suites": [
        {
          "uuid": "af768e19-e47b-4a68-acef-9a25b6db4b1d",
          "title": "Test datepicker via webdriver uni",
          "fullFile": "",
          "file": "",
          "beforeHooks": [],
          "afterHooks": [],
          "tests": [
            {
              "title": "Select date via datepicker",
              "fullTitle": "Test datepicker via webdriver uni Select date via datepicker",
              "timedOut": null,
              "duration": 780,
              "state": "passed",
              "speed": "fast",
              "pass": true,
              "fail": false,
              "pending": false,
              "context": null,
              "code": "cy.visit(\"https://webdriveruniversity.com\");\ncy.get(\"#datepicker\").invoke(\"removeAttr\", \"target\").click({\n  force: true\n});\ncy.get(\"#datepicker\").click(); // let date = new Date();\n// date.setDate(date.getDate()); // get current date i.e. 20\n// cy.log(date.getDate());\n// let date2 = new Date();\n// date2.setDate(date.getDate() + 5); // get current date i.e. 20 + 5  = 27\n// cy.log(date2.getDate());\nlet date2 = new Date();\ndate2.setDate(date2.getDate() + 5); // get current date i.e. 20 + 5  = 27\nlet futureYear = date2.getFullYear();\nlet futureMonth = date2.toLocaleString(\"default\", {\n  month: \"long\"\n});\nlet futureDay = date2.getDate();\ncy.log(futureDay);\nfunction selectMonthAndYear() {\n  cy.get(\".datepicker-dropdown\").find(\".datepicker-switch\").first().then(currentDate => {\n    if (!currentDate.text().includes(futureYear && futureMonth)) {\n      cy.get(\".next\").first().click();\n      selectMonthAndYear();\n    }\n  });\n}\nfunction selectDay() {\n  cy.get(\"[class='day']\").contains(futureDay).click();\n}\nselectMonthAndYear();\nselectDay();",
              "err": {},
              "uuid": "eba3c830-b980-47ba-b9ef-c48c1b575cff",
              "parentUUID": "af768e19-e47b-4a68-acef-9a25b6db4b1d",
              "isHook": false,
              "skipped": false
            }
          ],
          "suites": [],
          "passes": [
            "eba3c830-b980-47ba-b9ef-c48c1b575cff"
          ],
          "failures": [],
          "pending": [],
          "skipped": [],
          "duration": 780,
          "root": false,
          "rootEmpty": false,
          "_timeout": 2000
        }
      ],
      "passes": [],
      "failures": [],
      "pending": [],
      "skipped": [],
      "duration": 0,
      "root": true,
      "rootEmpty": true,
      "_timeout": 2000
    }
  ],
  "meta": {
    "mocha": {
      "version": "7.0.1"
    },
    "mochawesome": {
      "options": {
        "quiet": false,
        "reportFilename": "mochawesome",
        "saveHtml": false,
        "saveJson": true,
        "consoleReporter": "spec",
        "useInlineDiffs": false,
        "code": true
      },
      "version": "7.1.3"
    },
    "marge": {
      "options": {
        "id": "default",
        "reportDir": "cypress/results/mochawesome",
        "quite": true,
        "overwrite": false,
        "html": false,
        "json": true
      },
      "version": "6.2.0"
    }
  }
}