{
  "stats": {
    "suites": 1,
    "tests": 3,
    "passes": 3,
    "pending": 0,
    "failures": 0,
    "start": "2022-12-25T17:19:38.182Z",
    "end": "2022-12-25T17:19:39.212Z",
    "duration": 1030,
    "testsRegistered": 3,
    "passPercent": 100,
    "pendingPercent": 0,
    "other": 0,
    "hasOther": false,
    "skipped": 0,
    "hasSkipped": false
  },
  "results": [
    {
      "uuid": "28eb5f75-0648-43a9-91ae-327db04875a0",
      "title": "",
      "fullFile": "cypress/e2e/webdriver-uni/check-boxes.js",
      "file": "cypress/e2e/webdriver-uni/check-boxes.js",
      "beforeHooks": [],
      "afterHooks": [],
      "tests": [],
      "suites": [
        {
          "uuid": "49161a82-3525-4d35-a2cb-6bbb87692a30",
          "title": "Verify check-boxes for webdriver-uni",
          "fullFile": "",
          "file": "",
          "beforeHooks": [],
          "afterHooks": [],
          "tests": [
            {
              "title": "Should allow to check check-box",
              "fullTitle": "Verify check-boxes for webdriver-uni Should allow to check check-box",
              "timedOut": null,
              "duration": 479,
              "state": "passed",
              "speed": "fast",
              "pass": true,
              "fail": false,
              "pending": false,
              "context": null,
              "code": "//cy.get(\"#checkboxes > :nth-child(1) > input\").check().should(\"be.checked\");\ncy.get(\"#checkboxes > :nth-child(1) > input\").as(\"option1\");\ncy.get(\"@option1\").check().should(\"be.checked\");",
              "err": {},
              "uuid": "ed569bfa-b7d5-4922-b73d-78765ec4abb8",
              "parentUUID": "49161a82-3525-4d35-a2cb-6bbb87692a30",
              "isHook": false,
              "skipped": false
            },
            {
              "title": "Should allow to uncheck check-box",
              "fullTitle": "Verify check-boxes for webdriver-uni Should allow to uncheck check-box",
              "timedOut": null,
              "duration": 191,
              "state": "passed",
              "speed": "fast",
              "pass": true,
              "fail": false,
              "pending": false,
              "context": null,
              "code": "cy.get(\"#checkboxes > :nth-child(5) > input\").as(\"option3\");\ncy.get(\"@option3\").uncheck().should(\"not.be.checked\");",
              "err": {},
              "uuid": "72a5386d-e7a5-459b-acd5-e90961adc724",
              "parentUUID": "49161a82-3525-4d35-a2cb-6bbb87692a30",
              "isHook": false,
              "skipped": false
            },
            {
              "title": "Should allow to check multiple check-boxes",
              "fullTitle": "Verify check-boxes for webdriver-uni Should allow to check multiple check-boxes",
              "timedOut": null,
              "duration": 339,
              "state": "passed",
              "speed": "fast",
              "pass": true,
              "fail": false,
              "pending": false,
              "context": null,
              "code": "cy.get(\"input[type='checkbox']\").check([\"option-1\", \"option-2\", \"option-3\", \"option-4\"]).should(\"be.checked\");",
              "err": {},
              "uuid": "73b55f0a-3d04-4994-a582-6c5185c8014c",
              "parentUUID": "49161a82-3525-4d35-a2cb-6bbb87692a30",
              "isHook": false,
              "skipped": false
            }
          ],
          "suites": [],
          "passes": [
            "ed569bfa-b7d5-4922-b73d-78765ec4abb8",
            "72a5386d-e7a5-459b-acd5-e90961adc724",
            "73b55f0a-3d04-4994-a582-6c5185c8014c"
          ],
          "failures": [],
          "pending": [],
          "skipped": [],
          "duration": 1009,
          "root": false,
          "rootEmpty": false,
          "_timeout": 2000
        }
      ],
      "passes": [],
      "failures": [],
      "pending": [],
      "skipped": [],
      "duration": 0,
      "root": true,
      "rootEmpty": true,
      "_timeout": 2000
    }
  ],
  "meta": {
    "mocha": {
      "version": "7.0.1"
    },
    "mochawesome": {
      "options": {
        "quiet": false,
        "reportFilename": "mochawesome",
        "saveHtml": false,
        "saveJson": true,
        "consoleReporter": "spec",
        "useInlineDiffs": false,
        "code": true
      },
      "version": "7.1.3"
    },
    "marge": {
      "options": {
        "id": "default",
        "reportDir": "cypress/results/mochawesome",
        "quite": true,
        "overwrite": false,
        "html": false,
        "json": true
      },
      "version": "6.2.0"
    }
  }
}