{
  "stats": {
    "suites": 1,
    "tests": 1,
    "passes": 1,
    "pending": 0,
    "failures": 0,
    "start": "2022-12-25T17:32:17.442Z",
    "end": "2022-12-25T17:32:20.754Z",
    "duration": 3312,
    "testsRegistered": 1,
    "passPercent": 100,
    "pendingPercent": 0,
    "other": 0,
    "hasOther": false,
    "skipped": 0,
    "hasSkipped": false
  },
  "results": [
    {
      "uuid": "d9ae6448-22cb-4fae-a9ed-6bcb11b0ec75",
      "title": "",
      "fullFile": "cypress/e2e/automation-teststore/inspect-items.js",
      "file": "cypress/e2e/automation-teststore/inspect-items.js",
      "beforeHooks": [],
      "afterHooks": [],
      "tests": [],
      "suites": [
        {
          "uuid": "6e302e73-55ee-412c-a18d-858a4006f48e",
          "title": "Inspect automation store items with chaining commands",
          "fullFile": "",
          "file": "",
          "beforeHooks": [],
          "afterHooks": [],
          "tests": [
            {
              "title": "should be able to select specific item",
              "fullTitle": "Inspect automation store items with chaining commands should be able to select specific item",
              "timedOut": null,
              "duration": 2275,
              "state": "passed",
              "speed": "fast",
              "pass": true,
              "fail": false,
              "pending": false,
              "context": null,
              "code": "cy.visit(\"https://automationteststore.com/\");\ncy.get(\".prdocutname\").contains(\"Skinsheen Bronzer Stick\").click().then(function (itetHeaderText) {\n  console.log(`Selected the following item ${itetHeaderText.text()}`);\n});",
              "err": {},
              "uuid": "853ec0d5-9842-43a8-9304-3322746b9497",
              "parentUUID": "6e302e73-55ee-412c-a18d-858a4006f48e",
              "isHook": false,
              "skipped": false
            }
          ],
          "suites": [],
          "passes": [
            "853ec0d5-9842-43a8-9304-3322746b9497"
          ],
          "failures": [],
          "pending": [],
          "skipped": [],
          "duration": 2275,
          "root": false,
          "rootEmpty": false,
          "_timeout": 2000
        }
      ],
      "passes": [],
      "failures": [],
      "pending": [],
      "skipped": [],
      "duration": 0,
      "root": true,
      "rootEmpty": true,
      "_timeout": 2000
    }
  ],
  "meta": {
    "mocha": {
      "version": "7.0.1"
    },
    "mochawesome": {
      "options": {
        "quiet": false,
        "reportFilename": "mochawesome",
        "saveHtml": false,
        "saveJson": true,
        "consoleReporter": "spec",
        "useInlineDiffs": false,
        "code": true
      },
      "version": "7.1.3"
    },
    "marge": {
      "options": {
        "id": "default",
        "reportDir": "cypress/results/mochawesome",
        "quite": true,
        "overwrite": false,
        "html": false,
        "json": true
      },
      "version": "6.2.0"
    }
  }
}