{
  "stats": {
    "suites": 1,
    "tests": 2,
    "passes": 2,
    "pending": 0,
    "failures": 0,
    "start": "2022-12-25T17:32:21.908Z",
    "end": "2022-12-25T17:32:25.946Z",
    "duration": 4038,
    "testsRegistered": 2,
    "passPercent": 100,
    "pendingPercent": 0,
    "other": 0,
    "hasOther": false,
    "skipped": 0,
    "hasSkipped": false
  },
  "results": [
    {
      "uuid": "a366a4aa-5cba-42d0-9b9d-04dc0045b98e",
      "title": "",
      "fullFile": "cypress/e2e/automation-teststore/iterate-over-elements.js",
      "file": "cypress/e2e/automation-teststore/iterate-over-elements.js",
      "beforeHooks": [],
      "afterHooks": [],
      "tests": [],
      "suites": [
        {
          "uuid": "9087c6b6-5999-4836-a147-6d98b4af75a5",
          "title": "Iterate over elements",
          "fullFile": "",
          "file": "",
          "beforeHooks": [],
          "afterHooks": [],
          "tests": [
            {
              "title": "Add specific item to basket",
              "fullTitle": "Iterate over elements Add specific item to basket",
              "timedOut": null,
              "duration": 1646,
              "state": "passed",
              "speed": "fast",
              "pass": true,
              "fail": false,
              "pending": false,
              "context": null,
              "code": "cy.selectProduct(\"Curls To straight Shampoo\");",
              "err": {},
              "uuid": "d12e8de5-583a-4571-84b6-374b2272c99c",
              "parentUUID": "9087c6b6-5999-4836-a147-6d98b4af75a5",
              "isHook": false,
              "skipped": false
            },
            {
              "title": "Add another specific item to basket",
              "fullTitle": "Iterate over elements Add another specific item to basket",
              "timedOut": null,
              "duration": 1299,
              "state": "passed",
              "speed": "fast",
              "pass": true,
              "fail": false,
              "pending": false,
              "context": null,
              "code": "cy.selectProduct(\"Seaweed Conditioner\");",
              "err": {},
              "uuid": "52161f7f-a10b-4ee5-83b4-d7d3020228df",
              "parentUUID": "9087c6b6-5999-4836-a147-6d98b4af75a5",
              "isHook": false,
              "skipped": false
            }
          ],
          "suites": [],
          "passes": [
            "d12e8de5-583a-4571-84b6-374b2272c99c",
            "52161f7f-a10b-4ee5-83b4-d7d3020228df"
          ],
          "failures": [],
          "pending": [],
          "skipped": [],
          "duration": 2945,
          "root": false,
          "rootEmpty": false,
          "_timeout": 2000
        }
      ],
      "passes": [],
      "failures": [],
      "pending": [],
      "skipped": [],
      "duration": 0,
      "root": true,
      "rootEmpty": true,
      "_timeout": 2000
    }
  ],
  "meta": {
    "mocha": {
      "version": "7.0.1"
    },
    "mochawesome": {
      "options": {
        "quiet": false,
        "reportFilename": "mochawesome",
        "saveHtml": false,
        "saveJson": true,
        "consoleReporter": "spec",
        "useInlineDiffs": false,
        "code": true
      },
      "version": "7.1.3"
    },
    "marge": {
      "options": {
        "id": "default",
        "reportDir": "cypress/results/mochawesome",
        "quite": true,
        "overwrite": false,
        "html": false,
        "json": true
      },
      "version": "6.2.0"
    }
  }
}