{
  "stats": {
    "suites": 1,
    "tests": 1,
    "passes": 1,
    "pending": 0,
    "failures": 0,
    "start": "2022-12-25T17:28:19.224Z",
    "end": "2022-12-25T17:28:21.324Z",
    "duration": 2100,
    "testsRegistered": 1,
    "passPercent": 100,
    "pendingPercent": 0,
    "other": 0,
    "hasOther": false,
    "skipped": 0,
    "hasSkipped": false
  },
  "results": [
    {
      "uuid": "a22f369f-f48e-41a5-a096-7595ee97f028",
      "title": "",
      "fullFile": "cypress/e2e/webdriver-uni/browser-navigation.js",
      "file": "cypress/e2e/webdriver-uni/browser-navigation.js",
      "beforeHooks": [],
      "afterHooks": [],
      "tests": [],
      "suites": [
        {
          "uuid": "b64bc68f-209a-44f3-a1be-a18348b9c768",
          "title": "Validate webdriveruni homepage links",
          "fullFile": "",
          "file": "",
          "beforeHooks": [],
          "afterHooks": [],
          "tests": [
            {
              "title": "Confirm links redirect to the correct pages",
              "fullTitle": "Validate webdriveruni homepage links Confirm links redirect to the correct pages",
              "timedOut": null,
              "duration": 2092,
              "state": "passed",
              "speed": "fast",
              "pass": true,
              "fail": false,
              "pending": false,
              "context": null,
              "code": "cy.visit(\"https://webdriveruniversity.com\");\ncy.get(\"#contact-us\").invoke(\"removeAttr\", \"target\").click({\n  force: true\n});\ncy.url().should(\"include\", \"contactus\");\ncy.go(\"back\"); // cy.reload(true) - reload without using a cache\ncy.reload();\ncy.go(\"forward\");\ncy.url().should(\"include\", \"contactus\");\ncy.go(\"back\");\ncy.get(\"#login-portal\").invoke(\"removeAttr\", \"target\").click({\n  force: true\n});\ncy.url().should(\"include\", \"Login-Portal\");\ncy.go(\"back\");\ncy.get(\"#to-do-list\").invoke(\"removeAttr\", \"target\").click({\n  force: true\n});\ncy.url().should(\"include\", \"To-Do-List\");",
              "err": {},
              "uuid": "6228bc3e-2469-466c-b06c-5ec12b2ab0f2",
              "parentUUID": "b64bc68f-209a-44f3-a1be-a18348b9c768",
              "isHook": false,
              "skipped": false
            }
          ],
          "suites": [],
          "passes": [
            "6228bc3e-2469-466c-b06c-5ec12b2ab0f2"
          ],
          "failures": [],
          "pending": [],
          "skipped": [],
          "duration": 2092,
          "root": false,
          "rootEmpty": false,
          "_timeout": 2000
        }
      ],
      "passes": [],
      "failures": [],
      "pending": [],
      "skipped": [],
      "duration": 0,
      "root": true,
      "rootEmpty": true,
      "_timeout": 2000
    }
  ],
  "meta": {
    "mocha": {
      "version": "7.0.1"
    },
    "mochawesome": {
      "options": {
        "quiet": false,
        "reportFilename": "mochawesome",
        "saveHtml": false,
        "saveJson": true,
        "consoleReporter": "spec",
        "useInlineDiffs": false,
        "code": true
      },
      "version": "7.1.3"
    },
    "marge": {
      "options": {
        "id": "default",
        "reportDir": "cypress/results/mochawesome",
        "quite": true,
        "overwrite": false,
        "html": false,
        "json": true
      },
      "version": "6.2.0"
    }
  }
}