{
  "stats": {
    "suites": 1,
    "tests": 3,
    "passes": 3,
    "pending": 0,
    "failures": 0,
    "start": "2022-12-25T17:35:18.235Z",
    "end": "2022-12-25T17:35:22.362Z",
    "duration": 4127,
    "testsRegistered": 3,
    "passPercent": 100,
    "pendingPercent": 0,
    "other": 0,
    "hasOther": false,
    "skipped": 0,
    "hasSkipped": false
  },
  "results": [
    {
      "uuid": "2dde5c45-f8b9-4857-b1d6-5058470ffada",
      "title": "",
      "fullFile": "cypress/e2e/automation-teststore/variables-and-cy-commads.js",
      "file": "cypress/e2e/automation-teststore/variables-and-cy-commads.js",
      "beforeHooks": [],
      "afterHooks": [],
      "tests": [],
      "suites": [
        {
          "uuid": "89a9f538-1cca-4a2b-8b3d-bd8cf086ced1",
          "title": "Verifying variables, cypress commands, and jquery commands",
          "fullFile": "",
          "file": "",
          "beforeHooks": [],
          "afterHooks": [],
          "tests": [
            {
              "title": "Navigate to specific product pages",
              "fullTitle": "Verifying variables, cypress commands, and jquery commands Navigate to specific product pages",
              "timedOut": null,
              "duration": 2099,
              "state": "passed",
              "speed": "fast",
              "pass": true,
              "fail": false,
              "pending": false,
              "context": null,
              "code": "cy.visit(\"https://automationteststore.com/\"); // This approach wan't work\n// const makeupLink = cy\n//   .get(\"a[href*='product/category&path=']\")\n//   .contains(\"Makeup\");\n// const skincareLink = cy\n//   .get(\"a[href*='product/category&path=']\")\n//   .contains(\"Skincare\");\n// makeupLink.click();\n// skincareLink.click();\n// This approach will work\ncy.get(\"a[href*='product/category&path=']\").contains(\"Makeup\").click();\ncy.get(\"a[href*='product/category&path=']\").contains(\"Skincare\").click();",
              "err": {},
              "uuid": "83942e28-3cb8-4d63-8c68-396af6176abf",
              "parentUUID": "89a9f538-1cca-4a2b-8b3d-bd8cf086ced1",
              "isHook": false,
              "skipped": false
            },
            {
              "title": "Navigate to specific product pages",
              "fullTitle": "Verifying variables, cypress commands, and jquery commands Navigate to specific product pages",
              "timedOut": null,
              "duration": 651,
              "state": "passed",
              "speed": "fast",
              "pass": true,
              "fail": false,
              "pending": false,
              "context": null,
              "code": "cy.visit(\"https://automationteststore.com/\");\ncy.get(\"a[href*='product/category&path=']\").contains(\"Makeup\").click();\ncy.get(\"h1 .maintext\").then($headeText => {\n  const headerText = $headeText.text();\n  cy.log(`Found header text: ${headerText}`);\n  expect(headerText).is.eq(\"Makeup\");\n});",
              "err": {},
              "uuid": "004b2d76-1681-4802-ab5b-c756d823e41d",
              "parentUUID": "89a9f538-1cca-4a2b-8b3d-bd8cf086ced1",
              "isHook": false,
              "skipped": false
            },
            {
              "title": "Navigate to specific product pages",
              "fullTitle": "Verifying variables, cypress commands, and jquery commands Navigate to specific product pages",
              "timedOut": null,
              "duration": 318,
              "state": "passed",
              "speed": "fast",
              "pass": true,
              "fail": false,
              "pending": false,
              "context": null,
              "code": "cy.visit(\"https://automationteststore.com/index.php?rt=content/contact\"); //cypress commands and chaining\ncy.contains(\"#ContactUsFrm\", \"Contact Us Form\").find(\"#field_11\").should(\"contain\", \"First name\"); //jquery approach\ncy.contains(\"#ContactUsFrm\", \"Contact Us Form\").then(text => {\n  const textField = text.find(\"#field_11\").text();\n  expect(textField).to.contain(\"First name\");\n}); //embedded commans (closure)\ncy.get(\"#field_11\").then(fnText => {\n  cy.log(fnText.text());\n  cy.log(fnText);\n});",
              "err": {},
              "uuid": "a42a6a05-b636-4f35-8ef1-7b30c62a1d9c",
              "parentUUID": "89a9f538-1cca-4a2b-8b3d-bd8cf086ced1",
              "isHook": false,
              "skipped": false
            }
          ],
          "suites": [],
          "passes": [
            "83942e28-3cb8-4d63-8c68-396af6176abf",
            "004b2d76-1681-4802-ab5b-c756d823e41d",
            "a42a6a05-b636-4f35-8ef1-7b30c62a1d9c"
          ],
          "failures": [],
          "pending": [],
          "skipped": [],
          "duration": 3068,
          "root": false,
          "rootEmpty": false,
          "_timeout": 2000
        }
      ],
      "passes": [],
      "failures": [],
      "pending": [],
      "skipped": [],
      "duration": 0,
      "root": true,
      "rootEmpty": true,
      "_timeout": 2000
    }
  ],
  "meta": {
    "mocha": {
      "version": "7.0.1"
    },
    "mochawesome": {
      "options": {
        "quiet": false,
        "reportFilename": "mochawesome",
        "saveHtml": false,
        "saveJson": true,
        "consoleReporter": "spec",
        "useInlineDiffs": false,
        "code": true
      },
      "version": "7.1.3"
    },
    "marge": {
      "options": {
        "id": "default",
        "reportDir": "cypress/results/mochawesome",
        "quite": true,
        "overwrite": false,
        "html": false,
        "json": true
      },
      "version": "6.2.0"
    }
  }
}