{
  "stats": {
    "suites": 1,
    "tests": 1,
    "passes": 1,
    "pending": 0,
    "failures": 0,
    "start": "2022-12-25T10:37:58.996Z",
    "end": "2022-12-25T10:37:59.828Z",
    "duration": 832,
    "testsRegistered": 1,
    "passPercent": 100,
    "pendingPercent": 0,
    "other": 0,
    "hasOther": false,
    "skipped": 0,
    "hasSkipped": false
  },
  "results": [
    {
      "uuid": "6ad5f244-f4cb-4f86-a9d5-6cba329366fa",
      "title": "",
      "fullFile": "cypress/e2e/webdriver-uni/datepicker.js",
      "file": "cypress/e2e/webdriver-uni/datepicker.js",
      "beforeHooks": [],
      "afterHooks": [],
      "tests": [],
      "suites": [
        {
          "uuid": "3f90925b-0b46-4d38-8db7-7e030006641b",
          "title": "Test datepicker via webdriver uni",
          "fullFile": "",
          "file": "",
          "beforeHooks": [],
          "afterHooks": [],
          "tests": [
            {
              "title": "Select date via datepicker",
              "fullTitle": "Test datepicker via webdriver uni Select date via datepicker",
              "timedOut": null,
              "duration": 815,
              "state": "passed",
              "speed": "fast",
              "pass": true,
              "fail": false,
              "pending": false,
              "context": null,
              "code": "cy.visit(\"https://webdriveruniversity.com\");\ncy.get(\"#datepicker\").invoke(\"removeAttr\", \"target\").click({\n  force: true\n});\ncy.get(\"#datepicker\").click(); // let date = new Date();\n// date.setDate(date.getDate()); // get current date i.e. 20\n// cy.log(date.getDate());\n// let date2 = new Date();\n// date2.setDate(date.getDate() + 5); // get current date i.e. 20 + 5  = 27\n// cy.log(date2.getDate());\nlet date2 = new Date();\ndate2.setDate(date2.getDate() + 5); // get current date i.e. 20 + 5  = 27\nlet futureYear = date2.getFullYear();\nlet futureMonth = date2.toLocaleString(\"default\", {\n  month: \"long\"\n});\nlet futureDay = date2.getDate();\ncy.log(futureDay);\nfunction selectMonthAndYear() {\n  cy.get(\".datepicker-dropdown\").find(\".datepicker-switch\").first().then(currentDate => {\n    if (!currentDate.text().includes(futureYear && futureMonth)) {\n      cy.get(\".next\").first().click();\n      selectMonthAndYear();\n    }\n  });\n}\nfunction selectDay() {\n  cy.get(\"[class='day']\").contains(futureDay).click();\n}\nselectMonthAndYear();\nselectDay();",
              "err": {},
              "uuid": "cd35eb0c-e2f9-4b9e-8ec9-11e24dafc418",
              "parentUUID": "3f90925b-0b46-4d38-8db7-7e030006641b",
              "isHook": false,
              "skipped": false
            }
          ],
          "suites": [],
          "passes": [
            "cd35eb0c-e2f9-4b9e-8ec9-11e24dafc418"
          ],
          "failures": [],
          "pending": [],
          "skipped": [],
          "duration": 815,
          "root": false,
          "rootEmpty": false,
          "_timeout": 2000
        }
      ],
      "passes": [],
      "failures": [],
      "pending": [],
      "skipped": [],
      "duration": 0,
      "root": true,
      "rootEmpty": true,
      "_timeout": 2000
    }
  ],
  "meta": {
    "mocha": {
      "version": "7.0.1"
    },
    "mochawesome": {
      "options": {
        "quiet": false,
        "reportFilename": "mochawesome",
        "saveHtml": false,
        "saveJson": true,
        "consoleReporter": "spec",
        "useInlineDiffs": false,
        "code": true
      },
      "version": "7.1.3"
    },
    "marge": {
      "options": {
        "id": "default",
        "reportDir": "cypress/results/mochawesome",
        "quite": true,
        "overwrite": false,
        "html": false,
        "json": true
      },
      "version": "6.2.0"
    }
  }
}