{
  "stats": {
    "suites": 1,
    "tests": 2,
    "passes": 2,
    "pending": 0,
    "failures": 0,
    "start": "2022-12-25T10:37:56.267Z",
    "end": "2022-12-25T10:37:58.218Z",
    "duration": 1951,
    "testsRegistered": 2,
    "passPercent": 100,
    "pendingPercent": 0,
    "other": 0,
    "hasOther": false,
    "skipped": 0,
    "hasSkipped": false
  },
  "results": [
    {
      "uuid": "ee128367-6da1-4257-83b6-d4c8afe66ba4",
      "title": "",
      "fullFile": "cypress/e2e/webdriver-uni/data-tables.js",
      "file": "cypress/e2e/webdriver-uni/data-tables.js",
      "beforeHooks": [],
      "afterHooks": [],
      "tests": [],
      "suites": [
        {
          "uuid": "eba732e0-c742-4adc-bcbc-5e31c95e2229",
          "title": "Handling data via webdriveruni",
          "fullFile": "",
          "file": "",
          "beforeHooks": [],
          "afterHooks": [],
          "tests": [
            {
              "title": "Calculate and assert the total age of all users",
              "fullTitle": "Handling data via webdriveruni Calculate and assert the total age of all users",
              "timedOut": null,
              "duration": 880,
              "state": "passed",
              "speed": "fast",
              "pass": true,
              "fail": false,
              "pending": false,
              "context": null,
              "code": "const userDetails = [];\nlet numb = 0;\ncy.get(\"#thumbnail-1  td\").each(($el, index, $list) => {\n  userDetails[index] = $el.text();\n}).then(() => {\n  userDetails.map(el => {\n    if (Number(el)) {\n      numb += Number(el);\n    }\n  });\n  expect(numb).to.eq(322);\n});",
              "err": {},
              "uuid": "2229eadd-6c4c-4429-bc5f-e5f4b5dc9f76",
              "parentUUID": "eba732e0-c742-4adc-bcbc-5e31c95e2229",
              "isHook": false,
              "skipped": false
            },
            {
              "title": "Should be able to find user age with a last name",
              "fullTitle": "Handling data via webdriveruni Should be able to find user age with a last name",
              "timedOut": null,
              "duration": 263,
              "state": "passed",
              "speed": "fast",
              "pass": true,
              "fail": false,
              "pending": false,
              "context": null,
              "code": "cy.get(\"#thumbnail-1  tr td:nth-child(2)\").each(($el, index, $list) => {\n  const text = $el.text();\n  if (text.includes(\"Woods\")) {\n    cy.get(\"#thumbnail-1  tr td:nth-child(2)\").eq(index).next().then(age => {\n      const userAge = age.text();\n      expect(userAge).to.eq(\"80\");\n    });\n  }\n});",
              "err": {},
              "uuid": "573ce65f-682c-4176-b883-882c8e0a4af0",
              "parentUUID": "eba732e0-c742-4adc-bcbc-5e31c95e2229",
              "isHook": false,
              "skipped": false
            }
          ],
          "suites": [],
          "passes": [
            "2229eadd-6c4c-4429-bc5f-e5f4b5dc9f76",
            "573ce65f-682c-4176-b883-882c8e0a4af0"
          ],
          "failures": [],
          "pending": [],
          "skipped": [],
          "duration": 1143,
          "root": false,
          "rootEmpty": false,
          "_timeout": 2000
        }
      ],
      "passes": [],
      "failures": [],
      "pending": [],
      "skipped": [],
      "duration": 0,
      "root": true,
      "rootEmpty": true,
      "_timeout": 2000
    }
  ],
  "meta": {
    "mocha": {
      "version": "7.0.1"
    },
    "mochawesome": {
      "options": {
        "quiet": false,
        "reportFilename": "mochawesome",
        "saveHtml": false,
        "saveJson": true,
        "consoleReporter": "spec",
        "useInlineDiffs": false,
        "code": true
      },
      "version": "7.1.3"
    },
    "marge": {
      "options": {
        "id": "default",
        "reportDir": "cypress/results/mochawesome",
        "quite": true,
        "overwrite": false,
        "html": false,
        "json": true
      },
      "version": "6.2.0"
    }
  }
}