{
  "stats": {
    "suites": 1,
    "tests": 1,
    "passes": 1,
    "pending": 0,
    "failures": 0,
    "start": "2022-12-25T17:34:57.729Z",
    "end": "2022-12-25T17:35:00.290Z",
    "duration": 2561,
    "testsRegistered": 1,
    "passPercent": 100,
    "pendingPercent": 0,
    "other": 0,
    "hasOther": false,
    "skipped": 0,
    "hasSkipped": false
  },
  "results": [
    {
      "uuid": "f6450a74-bd66-403a-8e0c-3c6938c5e28b",
      "title": "",
      "fullFile": "cypress/e2e/automation-teststore/alias-invoke.js",
      "file": "cypress/e2e/automation-teststore/alias-invoke.js",
      "beforeHooks": [],
      "afterHooks": [],
      "tests": [],
      "suites": [
        {
          "uuid": "db42e202-646c-4a42-8da8-b392ee78087a",
          "title": "Alias and invoke",
          "fullFile": "",
          "file": "",
          "beforeHooks": [],
          "afterHooks": [],
          "tests": [
            {
              "title": "Calculate total of normal and sale products",
              "fullTitle": "Alias and invoke Calculate total of normal and sale products",
              "timedOut": null,
              "duration": 1402,
              "state": "passed",
              "speed": "fast",
              "pass": true,
              "fail": false,
              "pending": false,
              "context": null,
              "code": "cy.visit(\"https://automationteststore.com/\"); // cy.get(\".thumbnail\").as(\"productThumbNail\");\n// cy.get(\"@productThumbNail\")\n//   .find(\".oneprice\")\n//   .each((el) => {\n//     cy.log(el.text());\n//   });\ncy.get(\".thumbnail\").find(\".oneprice\").invoke(\"text\").as(\"itemPrice\");\ncy.get(\".thumbnail\").find(\".pricenew\").invoke(\"text\").as(\"saleItemPrice\");\ncy.get(\"@itemPrice\").then($linkText => {\n  let itemPriceTotal = $linkText.split(\"$\").map(el => Number(el)).reduce((acc, cur) => acc + cur);\n  itemsTotal += itemPriceTotal;\n  cy.log(`Items price total: ${itemPriceTotal}`);\n});\ncy.get(\"@saleItemPrice\").then($linkText => {\n  let itemSaleTotal = $linkText.split(\"$\").map(el => Number(el)).reduce((acc, cur) => acc + cur);\n  itemsTotal += itemSaleTotal;\n  cy.log(`Items sale total: ${itemSaleTotal}`);\n}).then(() => expect(itemsTotal).to.eq(625.6));",
              "err": {},
              "uuid": "0e6a762f-2151-49f3-ac6e-07309681a34b",
              "parentUUID": "db42e202-646c-4a42-8da8-b392ee78087a",
              "isHook": false,
              "skipped": false
            }
          ],
          "suites": [],
          "passes": [
            "0e6a762f-2151-49f3-ac6e-07309681a34b"
          ],
          "failures": [],
          "pending": [],
          "skipped": [],
          "duration": 1402,
          "root": false,
          "rootEmpty": false,
          "_timeout": 2000
        }
      ],
      "passes": [],
      "failures": [],
      "pending": [],
      "skipped": [],
      "duration": 0,
      "root": true,
      "rootEmpty": true,
      "_timeout": 2000
    }
  ],
  "meta": {
    "mocha": {
      "version": "7.0.1"
    },
    "mochawesome": {
      "options": {
        "quiet": false,
        "reportFilename": "mochawesome",
        "saveHtml": false,
        "saveJson": true,
        "consoleReporter": "spec",
        "useInlineDiffs": false,
        "code": true
      },
      "version": "7.1.3"
    },
    "marge": {
      "options": {
        "id": "default",
        "reportDir": "cypress/results/mochawesome",
        "quite": true,
        "overwrite": false,
        "html": false,
        "json": true
      },
      "version": "6.2.0"
    }
  }
}