{
  "stats": {
    "suites": 1,
    "tests": 1,
    "passes": 1,
    "pending": 0,
    "failures": 0,
    "start": "2022-12-25T17:28:16.452Z",
    "end": "2022-12-25T17:28:18.554Z",
    "duration": 2102,
    "testsRegistered": 1,
    "passPercent": 100,
    "pendingPercent": 0,
    "other": 0,
    "hasOther": false,
    "skipped": 0,
    "hasSkipped": false
  },
  "results": [
    {
      "uuid": "5d10b15c-7047-4efe-9f33-722c7eb0c726",
      "title": "",
      "fullFile": "cypress/e2e/webdriver-uni/autocomplete-dropdown-list.js",
      "file": "cypress/e2e/webdriver-uni/autocomplete-dropdown-list.js",
      "beforeHooks": [],
      "afterHooks": [],
      "tests": [],
      "suites": [
        {
          "uuid": "92422676-1200-4ede-bbcf-54523e965518",
          "title": "Verify Autocomplete dropwdown lists via webdriveruni",
          "fullFile": "",
          "file": "",
          "beforeHooks": [],
          "afterHooks": [],
          "tests": [
            {
              "title": "Select specific product via autocomplete list",
              "fullTitle": "Verify Autocomplete dropwdown lists via webdriveruni Select specific product via autocomplete list",
              "timedOut": null,
              "duration": 1206,
              "state": "passed",
              "speed": "fast",
              "pass": true,
              "fail": false,
              "pending": false,
              "context": null,
              "code": "cy.visit(\"http://www.webdriveruniversity.com\");\ncy.get(\"#autocomplete-textfield\").invoke(\"removeAttr\", \"target\").click({\n  force: true\n});\ncy.get(\"#myInput\").type(\"A\");\ncy.get(\"#myInputautocomplete-list > *\").each(($el, index, $list) => {\n  const prod = $el.text();\n  const productToSelect = \"Avacado\";\n  if (prod === productToSelect) {\n    //$el.click();\n    $el.trigger(\"click\");\n    cy.get(\"#submit-button\").click();\n    cy.url().should(\"include\", productToSelect);\n  }\n}).then(() => {\n  cy.get(\"#myInput\").type(\"g\");\n  cy.get(\"#myInputautocomplete-list > *\").each(($el, index, $list) => {\n    const prod = $el.text();\n    const productToSelect = \"Grapes\";\n    if (prod === productToSelect) {\n      //$el.click();\n      $el.trigger(\"click\");\n      cy.get(\"#submit-button\").click();\n      cy.url().should(\"include\", productToSelect);\n    }\n  });\n});",
              "err": {},
              "uuid": "77f0c2ac-212f-4a5e-a613-96520308abc9",
              "parentUUID": "92422676-1200-4ede-bbcf-54523e965518",
              "isHook": false,
              "skipped": false
            }
          ],
          "suites": [],
          "passes": [
            "77f0c2ac-212f-4a5e-a613-96520308abc9"
          ],
          "failures": [],
          "pending": [],
          "skipped": [],
          "duration": 1206,
          "root": false,
          "rootEmpty": false,
          "_timeout": 2000
        }
      ],
      "passes": [],
      "failures": [],
      "pending": [],
      "skipped": [],
      "duration": 0,
      "root": true,
      "rootEmpty": true,
      "_timeout": 2000
    }
  ],
  "meta": {
    "mocha": {
      "version": "7.0.1"
    },
    "mochawesome": {
      "options": {
        "quiet": false,
        "reportFilename": "mochawesome",
        "saveHtml": false,
        "saveJson": true,
        "consoleReporter": "spec",
        "useInlineDiffs": false,
        "code": true
      },
      "version": "7.1.3"
    },
    "marge": {
      "options": {
        "id": "default",
        "reportDir": "cypress/results/mochawesome",
        "quite": true,
        "overwrite": false,
        "html": false,
        "json": true
      },
      "version": "6.2.0"
    }
  }
}