{
  "stats": {
    "suites": 1,
    "tests": 3,
    "passes": 3,
    "pending": 0,
    "failures": 0,
    "start": "2022-12-25T10:37:37.666Z",
    "end": "2022-12-25T10:37:41.593Z",
    "duration": 3927,
    "testsRegistered": 3,
    "passPercent": 100,
    "pendingPercent": 0,
    "other": 0,
    "hasOther": false,
    "skipped": 0,
    "hasSkipped": false
  },
  "results": [
    {
      "uuid": "abac2dd1-4a41-4556-a895-5a46d97d6ee2",
      "title": "",
      "fullFile": "cypress/e2e/automation-teststore/variables-and-cy-commads.js",
      "file": "cypress/e2e/automation-teststore/variables-and-cy-commads.js",
      "beforeHooks": [],
      "afterHooks": [],
      "tests": [],
      "suites": [
        {
          "uuid": "e7f9bc18-6352-490e-994e-81662cec948b",
          "title": "Verifying variables, cypress commands, and jquery commands",
          "fullFile": "",
          "file": "",
          "beforeHooks": [],
          "afterHooks": [],
          "tests": [
            {
              "title": "Navigate to specific product pages",
              "fullTitle": "Verifying variables, cypress commands, and jquery commands Navigate to specific product pages",
              "timedOut": null,
              "duration": 2081,
              "state": "passed",
              "speed": "fast",
              "pass": true,
              "fail": false,
              "pending": false,
              "context": null,
              "code": "cy.visit(\"https://automationteststore.com/\"); // This approach wan't work\n// const makeupLink = cy\n//   .get(\"a[href*='product/category&path=']\")\n//   .contains(\"Makeup\");\n// const skincareLink = cy\n//   .get(\"a[href*='product/category&path=']\")\n//   .contains(\"Skincare\");\n// makeupLink.click();\n// skincareLink.click();\n// This approach will work\ncy.get(\"a[href*='product/category&path=']\").contains(\"Makeup\").click();\ncy.get(\"a[href*='product/category&path=']\").contains(\"Skincare\").click();",
              "err": {},
              "uuid": "63dee42f-5354-42f4-adc8-5a26db89cf26",
              "parentUUID": "e7f9bc18-6352-490e-994e-81662cec948b",
              "isHook": false,
              "skipped": false
            },
            {
              "title": "Navigate to specific product pages",
              "fullTitle": "Verifying variables, cypress commands, and jquery commands Navigate to specific product pages",
              "timedOut": null,
              "duration": 615,
              "state": "passed",
              "speed": "fast",
              "pass": true,
              "fail": false,
              "pending": false,
              "context": null,
              "code": "cy.visit(\"https://automationteststore.com/\");\ncy.get(\"a[href*='product/category&path=']\").contains(\"Makeup\").click();\ncy.get(\"h1 .maintext\").then($headeText => {\n  const headerText = $headeText.text();\n  cy.log(`Found header text: ${headerText}`);\n  expect(headerText).is.eq(\"Makeup\");\n});",
              "err": {},
              "uuid": "000b890c-2bac-4591-931e-208f9e39c31e",
              "parentUUID": "e7f9bc18-6352-490e-994e-81662cec948b",
              "isHook": false,
              "skipped": false
            },
            {
              "title": "Navigate to specific product pages",
              "fullTitle": "Verifying variables, cypress commands, and jquery commands Navigate to specific product pages",
              "timedOut": null,
              "duration": 312,
              "state": "passed",
              "speed": "fast",
              "pass": true,
              "fail": false,
              "pending": false,
              "context": null,
              "code": "cy.visit(\"https://automationteststore.com/index.php?rt=content/contact\"); //cypress commands and chaining\ncy.contains(\"#ContactUsFrm\", \"Contact Us Form\").find(\"#field_11\").should(\"contain\", \"First name\"); //jquery approach\ncy.contains(\"#ContactUsFrm\", \"Contact Us Form\").then(text => {\n  const textField = text.find(\"#field_11\").text();\n  expect(textField).to.contain(\"First name\");\n}); //embedded commans (closure)\ncy.get(\"#field_11\").then(fnText => {\n  cy.log(fnText.text());\n  cy.log(fnText);\n});",
              "err": {},
              "uuid": "be9cf4ab-272c-45fb-adce-24bd852bfe87",
              "parentUUID": "e7f9bc18-6352-490e-994e-81662cec948b",
              "isHook": false,
              "skipped": false
            }
          ],
          "suites": [],
          "passes": [
            "63dee42f-5354-42f4-adc8-5a26db89cf26",
            "000b890c-2bac-4591-931e-208f9e39c31e",
            "be9cf4ab-272c-45fb-adce-24bd852bfe87"
          ],
          "failures": [],
          "pending": [],
          "skipped": [],
          "duration": 3008,
          "root": false,
          "rootEmpty": false,
          "_timeout": 2000
        }
      ],
      "passes": [],
      "failures": [],
      "pending": [],
      "skipped": [],
      "duration": 0,
      "root": true,
      "rootEmpty": true,
      "_timeout": 2000
    }
  ],
  "meta": {
    "mocha": {
      "version": "7.0.1"
    },
    "mochawesome": {
      "options": {
        "quiet": false,
        "reportFilename": "mochawesome",
        "saveHtml": false,
        "saveJson": true,
        "consoleReporter": "spec",
        "useInlineDiffs": false,
        "code": true
      },
      "version": "7.1.3"
    },
    "marge": {
      "options": {
        "id": "default",
        "reportDir": "cypress/results/mochawesome",
        "quite": true,
        "overwrite": false,
        "html": false,
        "json": true
      },
      "version": "6.2.0"
    }
  }
}