{
  "stats": {
    "suites": 1,
    "tests": 2,
    "passes": 2,
    "pending": 0,
    "failures": 0,
    "start": "2022-12-25T17:35:12.174Z",
    "end": "2022-12-25T17:35:17.311Z",
    "duration": 5137,
    "testsRegistered": 2,
    "passPercent": 100,
    "pendingPercent": 0,
    "other": 0,
    "hasOther": false,
    "skipped": 0,
    "hasSkipped": false
  },
  "results": [
    {
      "uuid": "da8035cc-114f-4a90-8040-09df575a3d18",
      "title": "",
      "fullFile": "cypress/e2e/automation-teststore/iterate-over-elements.js",
      "file": "cypress/e2e/automation-teststore/iterate-over-elements.js",
      "beforeHooks": [],
      "afterHooks": [],
      "tests": [],
      "suites": [
        {
          "uuid": "82637abe-39b7-4e1b-9357-ca56af54a297",
          "title": "Iterate over elements",
          "fullFile": "",
          "file": "",
          "beforeHooks": [],
          "afterHooks": [],
          "tests": [
            {
              "title": "Add specific item to basket",
              "fullTitle": "Iterate over elements Add specific item to basket",
              "timedOut": null,
              "duration": 1616,
              "state": "passed",
              "speed": "fast",
              "pass": true,
              "fail": false,
              "pending": false,
              "context": null,
              "code": "cy.selectProduct(\"Curls To straight Shampoo\");",
              "err": {},
              "uuid": "f5cec75a-c2aa-441c-8df7-c5e9dc2b135a",
              "parentUUID": "82637abe-39b7-4e1b-9357-ca56af54a297",
              "isHook": false,
              "skipped": false
            },
            {
              "title": "Add another specific item to basket",
              "fullTitle": "Iterate over elements Add another specific item to basket",
              "timedOut": null,
              "duration": 2323,
              "state": "passed",
              "speed": "fast",
              "pass": true,
              "fail": false,
              "pending": false,
              "context": null,
              "code": "cy.selectProduct(\"Seaweed Conditioner\");",
              "err": {},
              "uuid": "b2960e14-fab6-44b4-b977-4fa45a897ecf",
              "parentUUID": "82637abe-39b7-4e1b-9357-ca56af54a297",
              "isHook": false,
              "skipped": false
            }
          ],
          "suites": [],
          "passes": [
            "f5cec75a-c2aa-441c-8df7-c5e9dc2b135a",
            "b2960e14-fab6-44b4-b977-4fa45a897ecf"
          ],
          "failures": [],
          "pending": [],
          "skipped": [],
          "duration": 3939,
          "root": false,
          "rootEmpty": false,
          "_timeout": 2000
        }
      ],
      "passes": [],
      "failures": [],
      "pending": [],
      "skipped": [],
      "duration": 0,
      "root": true,
      "rootEmpty": true,
      "_timeout": 2000
    }
  ],
  "meta": {
    "mocha": {
      "version": "7.0.1"
    },
    "mochawesome": {
      "options": {
        "quiet": false,
        "reportFilename": "mochawesome",
        "saveHtml": false,
        "saveJson": true,
        "consoleReporter": "spec",
        "useInlineDiffs": false,
        "code": true
      },
      "version": "7.1.3"
    },
    "marge": {
      "options": {
        "id": "default",
        "reportDir": "cypress/results/mochawesome",
        "quite": true,
        "overwrite": false,
        "html": false,
        "json": true
      },
      "version": "6.2.0"
    }
  }
}