{
  "stats": {
    "suites": 1,
    "tests": 3,
    "passes": 3,
    "pending": 0,
    "failures": 0,
    "start": "2022-12-25T10:37:50.219Z",
    "end": "2022-12-25T10:37:51.227Z",
    "duration": 1008,
    "testsRegistered": 3,
    "passPercent": 100,
    "pendingPercent": 0,
    "other": 0,
    "hasOther": false,
    "skipped": 0,
    "hasSkipped": false
  },
  "results": [
    {
      "uuid": "cdc2d617-6540-4b7a-ba01-5b82ea5fbc06",
      "title": "",
      "fullFile": "cypress/e2e/webdriver-uni/check-boxes.js",
      "file": "cypress/e2e/webdriver-uni/check-boxes.js",
      "beforeHooks": [],
      "afterHooks": [],
      "tests": [],
      "suites": [
        {
          "uuid": "0e92d053-b41a-44b0-9737-96cdd0b651c1",
          "title": "Verify check-boxes for webdriver-uni",
          "fullFile": "",
          "file": "",
          "beforeHooks": [],
          "afterHooks": [],
          "tests": [
            {
              "title": "Should allow to check check-box",
              "fullTitle": "Verify check-boxes for webdriver-uni Should allow to check check-box",
              "timedOut": null,
              "duration": 461,
              "state": "passed",
              "speed": "fast",
              "pass": true,
              "fail": false,
              "pending": false,
              "context": null,
              "code": "//cy.get(\"#checkboxes > :nth-child(1) > input\").check().should(\"be.checked\");\ncy.get(\"#checkboxes > :nth-child(1) > input\").as(\"option1\");\ncy.get(\"@option1\").check().should(\"be.checked\");",
              "err": {},
              "uuid": "86184e58-38f7-4f8b-8741-9080e5e704cd",
              "parentUUID": "0e92d053-b41a-44b0-9737-96cdd0b651c1",
              "isHook": false,
              "skipped": false
            },
            {
              "title": "Should allow to uncheck check-box",
              "fullTitle": "Verify check-boxes for webdriver-uni Should allow to uncheck check-box",
              "timedOut": null,
              "duration": 191,
              "state": "passed",
              "speed": "fast",
              "pass": true,
              "fail": false,
              "pending": false,
              "context": null,
              "code": "cy.get(\"#checkboxes > :nth-child(5) > input\").as(\"option3\");\ncy.get(\"@option3\").uncheck().should(\"not.be.checked\");",
              "err": {},
              "uuid": "fbb88e7e-c3eb-4ec5-8e44-fe92f732f1e5",
              "parentUUID": "0e92d053-b41a-44b0-9737-96cdd0b651c1",
              "isHook": false,
              "skipped": false
            },
            {
              "title": "Should allow to check multiple check-boxes",
              "fullTitle": "Verify check-boxes for webdriver-uni Should allow to check multiple check-boxes",
              "timedOut": null,
              "duration": 337,
              "state": "passed",
              "speed": "fast",
              "pass": true,
              "fail": false,
              "pending": false,
              "context": null,
              "code": "cy.get(\"input[type='checkbox']\").check([\"option-1\", \"option-2\", \"option-3\", \"option-4\"]).should(\"be.checked\");",
              "err": {},
              "uuid": "1e6baf59-f052-4d50-a058-174a371e2bd3",
              "parentUUID": "0e92d053-b41a-44b0-9737-96cdd0b651c1",
              "isHook": false,
              "skipped": false
            }
          ],
          "suites": [],
          "passes": [
            "86184e58-38f7-4f8b-8741-9080e5e704cd",
            "fbb88e7e-c3eb-4ec5-8e44-fe92f732f1e5",
            "1e6baf59-f052-4d50-a058-174a371e2bd3"
          ],
          "failures": [],
          "pending": [],
          "skipped": [],
          "duration": 989,
          "root": false,
          "rootEmpty": false,
          "_timeout": 2000
        }
      ],
      "passes": [],
      "failures": [],
      "pending": [],
      "skipped": [],
      "duration": 0,
      "root": true,
      "rootEmpty": true,
      "_timeout": 2000
    }
  ],
  "meta": {
    "mocha": {
      "version": "7.0.1"
    },
    "mochawesome": {
      "options": {
        "quiet": false,
        "reportFilename": "mochawesome",
        "saveHtml": false,
        "saveJson": true,
        "consoleReporter": "spec",
        "useInlineDiffs": false,
        "code": true
      },
      "version": "7.1.3"
    },
    "marge": {
      "options": {
        "id": "default",
        "reportDir": "cypress/results/mochawesome",
        "quite": true,
        "overwrite": false,
        "html": false,
        "json": true
      },
      "version": "6.2.0"
    }
  }
}