{
  "stats": {
    "suites": 1,
    "tests": 2,
    "passes": 2,
    "pending": 0,
    "failures": 0,
    "start": "2022-12-25T17:28:28.010Z",
    "end": "2022-12-25T17:28:29.913Z",
    "duration": 1903,
    "testsRegistered": 2,
    "passPercent": 100,
    "pendingPercent": 0,
    "other": 0,
    "hasOther": false,
    "skipped": 0,
    "hasSkipped": false
  },
  "results": [
    {
      "uuid": "8f8db545-50f6-4df2-8100-5d3b384ca48a",
      "title": "",
      "fullFile": "cypress/e2e/webdriver-uni/data-tables.js",
      "file": "cypress/e2e/webdriver-uni/data-tables.js",
      "beforeHooks": [],
      "afterHooks": [],
      "tests": [],
      "suites": [
        {
          "uuid": "5f3ed112-c7d4-428e-b75a-8783ab7d4cce",
          "title": "Handling data via webdriveruni",
          "fullFile": "",
          "file": "",
          "beforeHooks": [],
          "afterHooks": [],
          "tests": [
            {
              "title": "Calculate and assert the total age of all users",
              "fullTitle": "Handling data via webdriveruni Calculate and assert the total age of all users",
              "timedOut": null,
              "duration": 799,
              "state": "passed",
              "speed": "fast",
              "pass": true,
              "fail": false,
              "pending": false,
              "context": null,
              "code": "const userDetails = [];\nlet numb = 0;\ncy.get(\"#thumbnail-1  td\").each(($el, index, $list) => {\n  userDetails[index] = $el.text();\n}).then(() => {\n  userDetails.map(el => {\n    if (Number(el)) {\n      numb += Number(el);\n    }\n  });\n  expect(numb).to.eq(322);\n});",
              "err": {},
              "uuid": "306ffe29-e58e-4e9a-a20e-40e3bfc84ca3",
              "parentUUID": "5f3ed112-c7d4-428e-b75a-8783ab7d4cce",
              "isHook": false,
              "skipped": false
            },
            {
              "title": "Should be able to find user age with a last name",
              "fullTitle": "Handling data via webdriveruni Should be able to find user age with a last name",
              "timedOut": null,
              "duration": 233,
              "state": "passed",
              "speed": "fast",
              "pass": true,
              "fail": false,
              "pending": false,
              "context": null,
              "code": "cy.get(\"#thumbnail-1  tr td:nth-child(2)\").each(($el, index, $list) => {\n  const text = $el.text();\n  if (text.includes(\"Woods\")) {\n    cy.get(\"#thumbnail-1  tr td:nth-child(2)\").eq(index).next().then(age => {\n      const userAge = age.text();\n      expect(userAge).to.eq(\"80\");\n    });\n  }\n});",
              "err": {},
              "uuid": "d0c2df5b-b430-41f5-a72d-f710f6f7458b",
              "parentUUID": "5f3ed112-c7d4-428e-b75a-8783ab7d4cce",
              "isHook": false,
              "skipped": false
            }
          ],
          "suites": [],
          "passes": [
            "306ffe29-e58e-4e9a-a20e-40e3bfc84ca3",
            "d0c2df5b-b430-41f5-a72d-f710f6f7458b"
          ],
          "failures": [],
          "pending": [],
          "skipped": [],
          "duration": 1032,
          "root": false,
          "rootEmpty": false,
          "_timeout": 2000
        }
      ],
      "passes": [],
      "failures": [],
      "pending": [],
      "skipped": [],
      "duration": 0,
      "root": true,
      "rootEmpty": true,
      "_timeout": 2000
    }
  ],
  "meta": {
    "mocha": {
      "version": "7.0.1"
    },
    "mochawesome": {
      "options": {
        "quiet": false,
        "reportFilename": "mochawesome",
        "saveHtml": false,
        "saveJson": true,
        "consoleReporter": "spec",
        "useInlineDiffs": false,
        "code": true
      },
      "version": "7.1.3"
    },
    "marge": {
      "options": {
        "id": "default",
        "reportDir": "cypress/results/mochawesome",
        "quite": true,
        "overwrite": false,
        "html": false,
        "json": true
      },
      "version": "6.2.0"
    }
  }
}