{
  "stats": {
    "suites": 1,
    "tests": 3,
    "passes": 3,
    "pending": 0,
    "failures": 0,
    "start": "2022-12-25T17:32:27.063Z",
    "end": "2022-12-25T17:32:31.215Z",
    "duration": 4152,
    "testsRegistered": 3,
    "passPercent": 100,
    "pendingPercent": 0,
    "other": 0,
    "hasOther": false,
    "skipped": 0,
    "hasSkipped": false
  },
  "results": [
    {
      "uuid": "bb660461-88a6-4cf3-bb2d-561466365cb5",
      "title": "",
      "fullFile": "cypress/e2e/automation-teststore/variables-and-cy-commads.js",
      "file": "cypress/e2e/automation-teststore/variables-and-cy-commads.js",
      "beforeHooks": [],
      "afterHooks": [],
      "tests": [],
      "suites": [
        {
          "uuid": "c5e5f60b-9a40-4936-9c5e-c9c99c4c109e",
          "title": "Verifying variables, cypress commands, and jquery commands",
          "fullFile": "",
          "file": "",
          "beforeHooks": [],
          "afterHooks": [],
          "tests": [
            {
              "title": "Navigate to specific product pages",
              "fullTitle": "Verifying variables, cypress commands, and jquery commands Navigate to specific product pages",
              "timedOut": null,
              "duration": 2326,
              "state": "passed",
              "speed": "fast",
              "pass": true,
              "fail": false,
              "pending": false,
              "context": null,
              "code": "cy.visit(\"https://automationteststore.com/\"); // This approach wan't work\n// const makeupLink = cy\n//   .get(\"a[href*='product/category&path=']\")\n//   .contains(\"Makeup\");\n// const skincareLink = cy\n//   .get(\"a[href*='product/category&path=']\")\n//   .contains(\"Skincare\");\n// makeupLink.click();\n// skincareLink.click();\n// This approach will work\ncy.get(\"a[href*='product/category&path=']\").contains(\"Makeup\").click();\ncy.get(\"a[href*='product/category&path=']\").contains(\"Skincare\").click();",
              "err": {},
              "uuid": "263fe98c-f41d-4f2a-b73b-11b2e2b45314",
              "parentUUID": "c5e5f60b-9a40-4936-9c5e-c9c99c4c109e",
              "isHook": false,
              "skipped": false
            },
            {
              "title": "Navigate to specific product pages",
              "fullTitle": "Verifying variables, cypress commands, and jquery commands Navigate to specific product pages",
              "timedOut": null,
              "duration": 589,
              "state": "passed",
              "speed": "fast",
              "pass": true,
              "fail": false,
              "pending": false,
              "context": null,
              "code": "cy.visit(\"https://automationteststore.com/\");\ncy.get(\"a[href*='product/category&path=']\").contains(\"Makeup\").click();\ncy.get(\"h1 .maintext\").then($headeText => {\n  const headerText = $headeText.text();\n  cy.log(`Found header text: ${headerText}`);\n  expect(headerText).is.eq(\"Makeup\");\n});",
              "err": {},
              "uuid": "0acabb3c-162f-46dc-ac36-ded09c67d9ff",
              "parentUUID": "c5e5f60b-9a40-4936-9c5e-c9c99c4c109e",
              "isHook": false,
              "skipped": false
            },
            {
              "title": "Navigate to specific product pages",
              "fullTitle": "Verifying variables, cypress commands, and jquery commands Navigate to specific product pages",
              "timedOut": null,
              "duration": 307,
              "state": "passed",
              "speed": "fast",
              "pass": true,
              "fail": false,
              "pending": false,
              "context": null,
              "code": "cy.visit(\"https://automationteststore.com/index.php?rt=content/contact\"); //cypress commands and chaining\ncy.contains(\"#ContactUsFrm\", \"Contact Us Form\").find(\"#field_11\").should(\"contain\", \"First name\"); //jquery approach\ncy.contains(\"#ContactUsFrm\", \"Contact Us Form\").then(text => {\n  const textField = text.find(\"#field_11\").text();\n  expect(textField).to.contain(\"First name\");\n}); //embedded commans (closure)\ncy.get(\"#field_11\").then(fnText => {\n  cy.log(fnText.text());\n  cy.log(fnText);\n});",
              "err": {},
              "uuid": "206348d1-8b82-4507-81c1-2488aee77613",
              "parentUUID": "c5e5f60b-9a40-4936-9c5e-c9c99c4c109e",
              "isHook": false,
              "skipped": false
            }
          ],
          "suites": [],
          "passes": [
            "263fe98c-f41d-4f2a-b73b-11b2e2b45314",
            "0acabb3c-162f-46dc-ac36-ded09c67d9ff",
            "206348d1-8b82-4507-81c1-2488aee77613"
          ],
          "failures": [],
          "pending": [],
          "skipped": [],
          "duration": 3222,
          "root": false,
          "rootEmpty": false,
          "_timeout": 2000
        }
      ],
      "passes": [],
      "failures": [],
      "pending": [],
      "skipped": [],
      "duration": 0,
      "root": true,
      "rootEmpty": true,
      "_timeout": 2000
    }
  ],
  "meta": {
    "mocha": {
      "version": "7.0.1"
    },
    "mochawesome": {
      "options": {
        "quiet": false,
        "reportFilename": "mochawesome",
        "saveHtml": false,
        "saveJson": true,
        "consoleReporter": "spec",
        "useInlineDiffs": false,
        "code": true
      },
      "version": "7.1.3"
    },
    "marge": {
      "options": {
        "id": "default",
        "reportDir": "cypress/results/mochawesome",
        "quite": true,
        "overwrite": false,
        "html": false,
        "json": true
      },
      "version": "6.2.0"
    }
  }
}