{
  "stats": {
    "suites": 1,
    "tests": 1,
    "passes": 1,
    "pending": 0,
    "failures": 0,
    "start": "2022-12-25T17:28:14.157Z",
    "end": "2022-12-25T17:28:15.768Z",
    "duration": 1611,
    "testsRegistered": 1,
    "passPercent": 100,
    "pendingPercent": 0,
    "other": 0,
    "hasOther": false,
    "skipped": 0,
    "hasSkipped": false
  },
  "results": [
    {
      "uuid": "9e5834c5-0d53-43b6-ae77-b772655d2242",
      "title": "",
      "fullFile": "cypress/e2e/webdriver-uni/alerts.js",
      "file": "cypress/e2e/webdriver-uni/alerts.js",
      "beforeHooks": [],
      "afterHooks": [],
      "tests": [],
      "suites": [
        {
          "uuid": "95a746b0-3a46-437a-8543-abd9a91b2fde",
          "title": "Validate js alerts",
          "fullFile": "",
          "file": "",
          "beforeHooks": [],
          "afterHooks": [],
          "tests": [
            {
              "title": "Validate js confirm alert box using stub",
              "fullTitle": "Validate js alerts Validate js confirm alert box using stub",
              "timedOut": null,
              "duration": 1595,
              "state": "passed",
              "speed": "fast",
              "pass": true,
              "fail": false,
              "pending": false,
              "context": null,
              "code": "cy.visit(\"https://webdriveruniversity.com\");\ncy.get(\"#popup-alerts\").invoke(\"removeAttr\", \"target\").click({\n  force: true\n});\nconst stub = cy.stub();\ncy.on(\"window:confirm\", stub);\ncy.get(\"#button4\").click().then(() => {\n  expect(stub.getCall(0)).to.be.calledWith(\"Press a button!\");\n}).then(() => {\n  cy.get(\"#confirm-alert-text\").contains(\"You pressed OK!\");\n});",
              "err": {},
              "uuid": "60b4577e-ec1c-4945-b3fb-cc2e5c5fb630",
              "parentUUID": "95a746b0-3a46-437a-8543-abd9a91b2fde",
              "isHook": false,
              "skipped": false
            }
          ],
          "suites": [],
          "passes": [
            "60b4577e-ec1c-4945-b3fb-cc2e5c5fb630"
          ],
          "failures": [],
          "pending": [],
          "skipped": [],
          "duration": 1595,
          "root": false,
          "rootEmpty": false,
          "_timeout": 2000
        }
      ],
      "passes": [],
      "failures": [],
      "pending": [],
      "skipped": [],
      "duration": 0,
      "root": true,
      "rootEmpty": true,
      "_timeout": 2000
    }
  ],
  "meta": {
    "mocha": {
      "version": "7.0.1"
    },
    "mochawesome": {
      "options": {
        "quiet": false,
        "reportFilename": "mochawesome",
        "saveHtml": false,
        "saveJson": true,
        "consoleReporter": "spec",
        "useInlineDiffs": false,
        "code": true
      },
      "version": "7.1.3"
    },
    "marge": {
      "options": {
        "id": "default",
        "reportDir": "cypress/results/mochawesome",
        "quite": true,
        "overwrite": false,
        "html": false,
        "json": true
      },
      "version": "6.2.0"
    }
  }
}