{
  "stats": {
    "suites": 1,
    "tests": 2,
    "passes": 2,
    "pending": 0,
    "failures": 0,
    "start": "2022-12-25T17:35:12.539Z",
    "end": "2022-12-25T17:35:17.915Z",
    "duration": 5376,
    "testsRegistered": 2,
    "passPercent": 100,
    "pendingPercent": 0,
    "other": 0,
    "hasOther": false,
    "skipped": 0,
    "hasSkipped": false
  },
  "results": [
    {
      "uuid": "3ae6e38c-1a1a-4a3a-8adc-1784528d2d3c",
      "title": "",
      "fullFile": "cypress/e2e/automation-teststore/iterate-over-elements.js",
      "file": "cypress/e2e/automation-teststore/iterate-over-elements.js",
      "beforeHooks": [],
      "afterHooks": [],
      "tests": [],
      "suites": [
        {
          "uuid": "9bdd381f-5d84-4167-8e9d-6dbde433a924",
          "title": "Iterate over elements",
          "fullFile": "",
          "file": "",
          "beforeHooks": [],
          "afterHooks": [],
          "tests": [
            {
              "title": "Add specific item to basket",
              "fullTitle": "Iterate over elements Add specific item to basket",
              "timedOut": null,
              "duration": 1780,
              "state": "passed",
              "speed": "fast",
              "pass": true,
              "fail": false,
              "pending": false,
              "context": null,
              "code": "cy.selectProduct(\"Curls To straight Shampoo\");",
              "err": {},
              "uuid": "bf53e154-3b33-4233-86b6-711fdba218e2",
              "parentUUID": "9bdd381f-5d84-4167-8e9d-6dbde433a924",
              "isHook": false,
              "skipped": false
            },
            {
              "title": "Add another specific item to basket",
              "fullTitle": "Iterate over elements Add another specific item to basket",
              "timedOut": null,
              "duration": 2407,
              "state": "passed",
              "speed": "fast",
              "pass": true,
              "fail": false,
              "pending": false,
              "context": null,
              "code": "cy.selectProduct(\"Seaweed Conditioner\");",
              "err": {},
              "uuid": "15eafb38-eec7-4859-929e-2413bec53724",
              "parentUUID": "9bdd381f-5d84-4167-8e9d-6dbde433a924",
              "isHook": false,
              "skipped": false
            }
          ],
          "suites": [],
          "passes": [
            "bf53e154-3b33-4233-86b6-711fdba218e2",
            "15eafb38-eec7-4859-929e-2413bec53724"
          ],
          "failures": [],
          "pending": [],
          "skipped": [],
          "duration": 4187,
          "root": false,
          "rootEmpty": false,
          "_timeout": 2000
        }
      ],
      "passes": [],
      "failures": [],
      "pending": [],
      "skipped": [],
      "duration": 0,
      "root": true,
      "rootEmpty": true,
      "_timeout": 2000
    }
  ],
  "meta": {
    "mocha": {
      "version": "7.0.1"
    },
    "mochawesome": {
      "options": {
        "quiet": false,
        "reportFilename": "mochawesome",
        "saveHtml": false,
        "saveJson": true,
        "consoleReporter": "spec",
        "useInlineDiffs": false,
        "code": true
      },
      "version": "7.1.3"
    },
    "marge": {
      "options": {
        "id": "default",
        "reportDir": "cypress/results/mochawesome",
        "quite": true,
        "overwrite": false,
        "html": false,
        "json": true
      },
      "version": "6.2.0"
    }
  }
}