{
  "stats": {
    "suites": 1,
    "tests": 2,
    "passes": 2,
    "pending": 0,
    "failures": 0,
    "start": "2022-12-25T11:18:06.199Z",
    "end": "2022-12-25T11:18:11.982Z",
    "duration": 5783,
    "testsRegistered": 2,
    "passPercent": 100,
    "pendingPercent": 0,
    "other": 0,
    "hasOther": false,
    "skipped": 0,
    "hasSkipped": false
  },
  "results": [
    {
      "uuid": "dec49e41-1749-4853-91ad-609339051be2",
      "title": "",
      "fullFile": "cypress/e2e/automation-teststore/iterate-over-elements.js",
      "file": "cypress/e2e/automation-teststore/iterate-over-elements.js",
      "beforeHooks": [],
      "afterHooks": [],
      "tests": [],
      "suites": [
        {
          "uuid": "1853e4f3-40ab-4020-aeae-d1362f36e41b",
          "title": "Iterate over elements",
          "fullFile": "",
          "file": "",
          "beforeHooks": [],
          "afterHooks": [],
          "tests": [
            {
              "title": "Add specific item to basket",
              "fullTitle": "Iterate over elements Add specific item to basket",
              "timedOut": null,
              "duration": 2714,
              "state": "passed",
              "speed": "fast",
              "pass": true,
              "fail": false,
              "pending": false,
              "context": null,
              "code": "cy.selectProduct(\"Curls To straight Shampoo\");",
              "err": {},
              "uuid": "cddede14-7568-49b0-986b-1269d28781b4",
              "parentUUID": "1853e4f3-40ab-4020-aeae-d1362f36e41b",
              "isHook": false,
              "skipped": false
            },
            {
              "title": "Add another specific item to basket",
              "fullTitle": "Iterate over elements Add another specific item to basket",
              "timedOut": null,
              "duration": 2178,
              "state": "passed",
              "speed": "fast",
              "pass": true,
              "fail": false,
              "pending": false,
              "context": null,
              "code": "cy.selectProduct(\"Seaweed Conditioner\");",
              "err": {},
              "uuid": "bebeaa57-bf32-47b7-8da7-02c59b5a7ee4",
              "parentUUID": "1853e4f3-40ab-4020-aeae-d1362f36e41b",
              "isHook": false,
              "skipped": false
            }
          ],
          "suites": [],
          "passes": [
            "cddede14-7568-49b0-986b-1269d28781b4",
            "bebeaa57-bf32-47b7-8da7-02c59b5a7ee4"
          ],
          "failures": [],
          "pending": [],
          "skipped": [],
          "duration": 4892,
          "root": false,
          "rootEmpty": false,
          "_timeout": 2000
        }
      ],
      "passes": [],
      "failures": [],
      "pending": [],
      "skipped": [],
      "duration": 0,
      "root": true,
      "rootEmpty": true,
      "_timeout": 2000
    }
  ],
  "meta": {
    "mocha": {
      "version": "7.0.1"
    },
    "mochawesome": {
      "options": {
        "quiet": false,
        "reportFilename": "mochawesome",
        "saveHtml": false,
        "saveJson": true,
        "consoleReporter": "spec",
        "useInlineDiffs": false,
        "code": true
      },
      "version": "7.1.3"
    },
    "marge": {
      "options": {
        "id": "default",
        "reportDir": "cypress/results/mochawesome",
        "quite": true,
        "overwrite": false,
        "html": false,
        "json": true
      },
      "version": "6.2.0"
    }
  }
}