{
  "stats": {
    "suites": 1,
    "tests": 3,
    "passes": 3,
    "pending": 0,
    "failures": 0,
    "start": "2022-12-25T17:35:18.893Z",
    "end": "2022-12-25T17:35:23.334Z",
    "duration": 4441,
    "testsRegistered": 3,
    "passPercent": 100,
    "pendingPercent": 0,
    "other": 0,
    "hasOther": false,
    "skipped": 0,
    "hasSkipped": false
  },
  "results": [
    {
      "uuid": "58e22bae-e340-485a-a145-7f9dfd3bea0a",
      "title": "",
      "fullFile": "cypress/e2e/automation-teststore/variables-and-cy-commads.js",
      "file": "cypress/e2e/automation-teststore/variables-and-cy-commads.js",
      "beforeHooks": [],
      "afterHooks": [],
      "tests": [],
      "suites": [
        {
          "uuid": "91617144-e1c2-44c7-b8d2-8d56f0d349b4",
          "title": "Verifying variables, cypress commands, and jquery commands",
          "fullFile": "",
          "file": "",
          "beforeHooks": [],
          "afterHooks": [],
          "tests": [
            {
              "title": "Navigate to specific product pages",
              "fullTitle": "Verifying variables, cypress commands, and jquery commands Navigate to specific product pages",
              "timedOut": null,
              "duration": 2328,
              "state": "passed",
              "speed": "fast",
              "pass": true,
              "fail": false,
              "pending": false,
              "context": null,
              "code": "cy.visit(\"https://automationteststore.com/\"); // This approach wan't work\n// const makeupLink = cy\n//   .get(\"a[href*='product/category&path=']\")\n//   .contains(\"Makeup\");\n// const skincareLink = cy\n//   .get(\"a[href*='product/category&path=']\")\n//   .contains(\"Skincare\");\n// makeupLink.click();\n// skincareLink.click();\n// This approach will work\ncy.get(\"a[href*='product/category&path=']\").contains(\"Makeup\").click();\ncy.get(\"a[href*='product/category&path=']\").contains(\"Skincare\").click();",
              "err": {},
              "uuid": "57464633-a8b1-49bf-a25e-de15308a10c4",
              "parentUUID": "91617144-e1c2-44c7-b8d2-8d56f0d349b4",
              "isHook": false,
              "skipped": false
            },
            {
              "title": "Navigate to specific product pages",
              "fullTitle": "Verifying variables, cypress commands, and jquery commands Navigate to specific product pages",
              "timedOut": null,
              "duration": 677,
              "state": "passed",
              "speed": "fast",
              "pass": true,
              "fail": false,
              "pending": false,
              "context": null,
              "code": "cy.visit(\"https://automationteststore.com/\");\ncy.get(\"a[href*='product/category&path=']\").contains(\"Makeup\").click();\ncy.get(\"h1 .maintext\").then($headeText => {\n  const headerText = $headeText.text();\n  cy.log(`Found header text: ${headerText}`);\n  expect(headerText).is.eq(\"Makeup\");\n});",
              "err": {},
              "uuid": "5af72e6d-4e7c-4e5b-ba67-d4518e0af1ea",
              "parentUUID": "91617144-e1c2-44c7-b8d2-8d56f0d349b4",
              "isHook": false,
              "skipped": false
            },
            {
              "title": "Navigate to specific product pages",
              "fullTitle": "Verifying variables, cypress commands, and jquery commands Navigate to specific product pages",
              "timedOut": null,
              "duration": 324,
              "state": "passed",
              "speed": "fast",
              "pass": true,
              "fail": false,
              "pending": false,
              "context": null,
              "code": "cy.visit(\"https://automationteststore.com/index.php?rt=content/contact\"); //cypress commands and chaining\ncy.contains(\"#ContactUsFrm\", \"Contact Us Form\").find(\"#field_11\").should(\"contain\", \"First name\"); //jquery approach\ncy.contains(\"#ContactUsFrm\", \"Contact Us Form\").then(text => {\n  const textField = text.find(\"#field_11\").text();\n  expect(textField).to.contain(\"First name\");\n}); //embedded commans (closure)\ncy.get(\"#field_11\").then(fnText => {\n  cy.log(fnText.text());\n  cy.log(fnText);\n});",
              "err": {},
              "uuid": "d0f0fc39-3547-40ef-a26a-b5089c903ce1",
              "parentUUID": "91617144-e1c2-44c7-b8d2-8d56f0d349b4",
              "isHook": false,
              "skipped": false
            }
          ],
          "suites": [],
          "passes": [
            "57464633-a8b1-49bf-a25e-de15308a10c4",
            "5af72e6d-4e7c-4e5b-ba67-d4518e0af1ea",
            "d0f0fc39-3547-40ef-a26a-b5089c903ce1"
          ],
          "failures": [],
          "pending": [],
          "skipped": [],
          "duration": 3329,
          "root": false,
          "rootEmpty": false,
          "_timeout": 2000
        }
      ],
      "passes": [],
      "failures": [],
      "pending": [],
      "skipped": [],
      "duration": 0,
      "root": true,
      "rootEmpty": true,
      "_timeout": 2000
    }
  ],
  "meta": {
    "mocha": {
      "version": "7.0.1"
    },
    "mochawesome": {
      "options": {
        "quiet": false,
        "reportFilename": "mochawesome",
        "saveHtml": false,
        "saveJson": true,
        "consoleReporter": "spec",
        "useInlineDiffs": false,
        "code": true
      },
      "version": "7.1.3"
    },
    "marge": {
      "options": {
        "id": "default",
        "reportDir": "cypress/results/mochawesome",
        "quite": true,
        "overwrite": false,
        "html": false,
        "json": true
      },
      "version": "6.2.0"
    }
  }
}