{
  "stats": {
    "suites": 1,
    "tests": 1,
    "passes": 1,
    "pending": 0,
    "failures": 0,
    "start": "2022-12-25T17:28:40.457Z",
    "end": "2022-12-25T17:28:41.835Z",
    "duration": 1378,
    "testsRegistered": 1,
    "passPercent": 100,
    "pendingPercent": 0,
    "other": 0,
    "hasOther": false,
    "skipped": 0,
    "hasSkipped": false
  },
  "results": [
    {
      "uuid": "3513e08f-688a-406d-bd89-ece55ae9d61e",
      "title": "",
      "fullFile": "cypress/e2e/webdriver-uni/select-dropdown-list.js",
      "file": "cypress/e2e/webdriver-uni/select-dropdown-list.js",
      "beforeHooks": [],
      "afterHooks": [],
      "tests": [],
      "suites": [
        {
          "uuid": "4f43fd5b-6cf7-4185-8d19-350cb38cabc7",
          "title": "Interact with drop-down-list via webdriver-uni",
          "fullFile": "",
          "file": "",
          "beforeHooks": [],
          "afterHooks": [],
          "tests": [
            {
              "title": "Should allow to select specific value from dropdown list",
              "fullTitle": "Interact with drop-down-list via webdriver-uni Should allow to select specific value from dropdown list",
              "timedOut": null,
              "duration": 1359,
              "state": "passed",
              "speed": "fast",
              "pass": true,
              "fail": false,
              "pending": false,
              "context": null,
              "code": "cy.visit(\"https://webdriveruniversity.com\");\ncy.get(\"#dropdown-checkboxes-radiobuttons\").invoke(\"removeAttr\", \"target\").click({\n  force: true\n});\ncy.get(\"#dropdowm-menu-1\").select(\"c#\");\ncy.get(\"#dropdowm-menu-2\").as(\"dropdown-2\");\ncy.get(\"@dropdown-2\").select(\"testng\").should(\"have.value\", \"testng\");\ncy.get(\"@dropdown-2\").select(\"TestNG\").contains(\"TestNG\");\ncy.get(\"@dropdown-2\").select(\"maven\").should(\"have.value\", \"maven\");\ncy.get(\"#dropdowm-menu-3\").select(\"jquery\").contains(\"JQuery\");",
              "err": {},
              "uuid": "e197cc92-7d52-4e6e-b5a5-bdf2973f0a1a",
              "parentUUID": "4f43fd5b-6cf7-4185-8d19-350cb38cabc7",
              "isHook": false,
              "skipped": false
            }
          ],
          "suites": [],
          "passes": [
            "e197cc92-7d52-4e6e-b5a5-bdf2973f0a1a"
          ],
          "failures": [],
          "pending": [],
          "skipped": [],
          "duration": 1359,
          "root": false,
          "rootEmpty": false,
          "_timeout": 2000
        }
      ],
      "passes": [],
      "failures": [],
      "pending": [],
      "skipped": [],
      "duration": 0,
      "root": true,
      "rootEmpty": true,
      "_timeout": 2000
    }
  ],
  "meta": {
    "mocha": {
      "version": "7.0.1"
    },
    "mochawesome": {
      "options": {
        "quiet": false,
        "reportFilename": "mochawesome",
        "saveHtml": false,
        "saveJson": true,
        "consoleReporter": "spec",
        "useInlineDiffs": false,
        "code": true
      },
      "version": "7.1.3"
    },
    "marge": {
      "options": {
        "id": "default",
        "reportDir": "cypress/results/mochawesome",
        "quite": true,
        "overwrite": false,
        "html": false,
        "json": true
      },
      "version": "6.2.0"
    }
  }
}